[2026-05-25T04:05:18.629+0000] {local_task_job_runner.py:120} INFO - ::group::Pre task execution logs
[2026-05-25T04:05:18.821+0000] {taskinstance.py:2076} INFO - Dependencies all met for dep_context=non-requeueable deps ti=<TaskInstance: medallion_dbt_pipeline.dbt_run scheduled__2026-05-24T00:00:00+00:00 [queued]>
[2026-05-25T04:05:18.847+0000] {taskinstance.py:2076} INFO - Dependencies all met for dep_context=requeueable deps ti=<TaskInstance: medallion_dbt_pipeline.dbt_run scheduled__2026-05-24T00:00:00+00:00 [queued]>
[2026-05-25T04:05:18.848+0000] {taskinstance.py:2306} INFO - Starting attempt 1 of 2
[2026-05-25T04:05:18.902+0000] {taskinstance.py:2330} INFO - Executing <Task(BashOperator): dbt_run> on 2026-05-24 00:00:00+00:00
[2026-05-25T04:05:18.927+0000] {standard_task_runner.py:90} INFO - Running: ['airflow', 'tasks', 'run', '***_dbt_pipeline', 'dbt_run', 'scheduled__2026-05-24T00:00:00+00:00', '--job-id', '38', '--raw', '--subdir', 'DAGS_FOLDER/***_dbt_dag.py', '--cfg-path', '/tmp/tmp_p_d4pr0']
[2026-05-25T04:05:18.931+0000] {standard_task_runner.py:91} INFO - Job 38: Subtask dbt_run
[2026-05-25T04:05:18.937+0000] {logging_mixin.py:188} WARNING - /home/airflow/.local/lib/python3.12/site-packages/airflow/task/task_runner/standard_task_runner.py:61 DeprecationWarning: This process (pid=3383) is multi-threaded, use of fork() may lead to deadlocks in the child.
[2026-05-25T04:05:18.939+0000] {standard_task_runner.py:63} INFO - Started process 3389 to run task
[2026-05-25T04:05:19.109+0000] {task_command.py:426} INFO - Running <TaskInstance: medallion_dbt_pipeline.dbt_run scheduled__2026-05-24T00:00:00+00:00 [running]> on host 506412aae02e
[2026-05-25T04:05:19.537+0000] {taskinstance.py:2648} INFO - Exporting env vars: AIRFLOW_CTX_DAG_OWNER='***' AIRFLOW_CTX_DAG_ID='***_dbt_pipeline' AIRFLOW_CTX_TASK_ID='dbt_run' AIRFLOW_CTX_EXECUTION_DATE='2026-05-24T00:00:00+00:00' AIRFLOW_CTX_TRY_NUMBER='1' AIRFLOW_CTX_DAG_RUN_ID='scheduled__2026-05-24T00:00:00+00:00'
[2026-05-25T04:05:19.541+0000] {taskinstance.py:430} INFO - ::endgroup::
[2026-05-25T04:05:19.619+0000] {subprocess.py:63} INFO - Tmp dir root location: /tmp
[2026-05-25T04:05:19.627+0000] {subprocess.py:75} INFO - Running command: ['/usr/bin/bash', '-c', 'cd /opt/airflow/***_dbt && dbt run --profiles-dir /opt/airflow/***_dbt']
[2026-05-25T04:05:19.660+0000] {subprocess.py:86} INFO - Output:
[2026-05-25T04:05:24.881+0000] {subprocess.py:93} INFO - [0m04:05:24  Running with dbt=1.8.3
[2026-05-25T04:05:25.302+0000] {subprocess.py:93} INFO - [0m04:05:25  Registered adapter: postgres=1.8.2
[2026-05-25T04:05:26.234+0000] {subprocess.py:93} INFO - [0m04:05:26  Found 3 models, 10 data tests, 428 macros
[2026-05-25T04:05:26.240+0000] {subprocess.py:93} INFO - [0m04:05:26
[2026-05-25T04:05:26.481+0000] {subprocess.py:93} INFO - [0m04:05:26  Concurrency: 1 threads (target='dev')
[2026-05-25T04:05:26.482+0000] {subprocess.py:93} INFO - [0m04:05:26
[2026-05-25T04:05:26.497+0000] {subprocess.py:93} INFO - [0m04:05:26  1 of 3 START sql view model public.bronze_orders ............................... [RUN]
[2026-05-25T04:05:26.697+0000] {subprocess.py:93} INFO - [0m04:05:26  1 of 3 OK created sql view model public.bronze_orders .......................... [[32mCREATE VIEW[0m in 0.19s]
[2026-05-25T04:05:26.702+0000] {subprocess.py:93} INFO - [0m04:05:26  2 of 3 START sql view model public.silver_orders ............................... [RUN]
[2026-05-25T04:05:26.788+0000] {subprocess.py:93} INFO - [0m04:05:26  2 of 3 OK created sql view model public.silver_orders .......................... [[32mCREATE VIEW[0m in 0.08s]
[2026-05-25T04:05:26.793+0000] {subprocess.py:93} INFO - [0m04:05:26  3 of 3 START sql table model public.gold_orders_summary ........................ [RUN]
[2026-05-25T04:05:27.760+0000] {subprocess.py:93} INFO - [0m04:05:27  3 of 3 OK created sql table model public.gold_orders_summary ................... [[32mSELECT 98816[0m in 0.96s]
[2026-05-25T04:05:27.787+0000] {subprocess.py:93} INFO - [0m04:05:27
[2026-05-25T04:05:27.788+0000] {subprocess.py:93} INFO - [0m04:05:27  Finished running 2 view models, 1 table model in 0 hours 0 minutes and 1.55 seconds (1.55s).
[2026-05-25T04:05:27.859+0000] {subprocess.py:93} INFO - [0m04:05:27
[2026-05-25T04:05:27.861+0000] {subprocess.py:93} INFO - [0m04:05:27  [32mCompleted successfully[0m
[2026-05-25T04:05:27.862+0000] {subprocess.py:93} INFO - [0m04:05:27
[2026-05-25T04:05:27.863+0000] {subprocess.py:93} INFO - [0m04:05:27  Done. PASS=3 WARN=0 ERROR=0 SKIP=0 TOTAL=3
[2026-05-25T04:05:29.323+0000] {subprocess.py:97} INFO - Command exited with return code 0
[2026-05-25T04:05:29.325+0000] {taskinstance.py:441} INFO - ::group::Post task execution logs
[2026-05-25T04:05:29.359+0000] {taskinstance.py:1206} INFO - Marking task as SUCCESS. dag_id=***_dbt_pipeline, task_id=dbt_run, run_id=scheduled__2026-05-24T00:00:00+00:00, execution_date=20260524T000000, start_date=20260525T040518, end_date=20260525T040529
[2026-05-25T04:05:29.405+0000] {local_task_job_runner.py:240} INFO - Task exited with return code 0
[2026-05-25T04:05:29.433+0000] {taskinstance.py:3498} INFO - 1 downstream tasks scheduled from follow-on schedule check
[2026-05-25T04:05:29.436+0000] {local_task_job_runner.py:222} INFO - ::endgroup::
