[2026-05-19T14:19:34.683+0000] {local_task_job_runner.py:120} INFO - ::group::Pre task execution logs
[2026-05-19T14:19:34.764+0000] {taskinstance.py:2076} INFO - Dependencies all met for dep_context=non-requeueable deps ti=<TaskInstance: medallion_dbt_pipeline.dbt_run manual__2026-05-19T14:19:33.413569+00:00 [queued]>
[2026-05-19T14:19:34.782+0000] {taskinstance.py:2076} INFO - Dependencies all met for dep_context=requeueable deps ti=<TaskInstance: medallion_dbt_pipeline.dbt_run manual__2026-05-19T14:19:33.413569+00:00 [queued]>
[2026-05-19T14:19:34.784+0000] {taskinstance.py:2306} INFO - Starting attempt 1 of 2
[2026-05-19T14:19:34.817+0000] {taskinstance.py:2330} INFO - Executing <Task(BashOperator): dbt_run> on 2026-05-19 14:19:33.413569+00:00
[2026-05-19T14:19:34.830+0000] {standard_task_runner.py:90} INFO - Running: ['airflow', 'tasks', 'run', '***_dbt_pipeline', 'dbt_run', 'manual__2026-05-19T14:19:33.413569+00:00', '--job-id', '14', '--raw', '--subdir', 'DAGS_FOLDER/***_dbt_dag.py', '--cfg-path', '/tmp/tmp44em_ise']
[2026-05-19T14:19:34.836+0000] {standard_task_runner.py:91} INFO - Job 14: Subtask dbt_run
[2026-05-19T14:19:34.839+0000] {logging_mixin.py:188} WARNING - /home/airflow/.local/lib/python3.12/site-packages/airflow/task/task_runner/standard_task_runner.py:61 DeprecationWarning: This process (pid=299) is multi-threaded, use of fork() may lead to deadlocks in the child.
[2026-05-19T14:19:34.841+0000] {standard_task_runner.py:63} INFO - Started process 300 to run task
[2026-05-19T14:19:34.950+0000] {task_command.py:426} INFO - Running <TaskInstance: medallion_dbt_pipeline.dbt_run manual__2026-05-19T14:19:33.413569+00:00 [running]> on host 506412aae02e
[2026-05-19T14:19:35.154+0000] {taskinstance.py:2648} INFO - Exporting env vars: AIRFLOW_CTX_DAG_OWNER='***' AIRFLOW_CTX_DAG_ID='***_dbt_pipeline' AIRFLOW_CTX_TASK_ID='dbt_run' AIRFLOW_CTX_EXECUTION_DATE='2026-05-19T14:19:33.413569+00:00' AIRFLOW_CTX_TRY_NUMBER='1' AIRFLOW_CTX_DAG_RUN_ID='manual__2026-05-19T14:19:33.413569+00:00'
[2026-05-19T14:19:35.156+0000] {taskinstance.py:430} INFO - ::endgroup::
[2026-05-19T14:19:35.187+0000] {subprocess.py:63} INFO - Tmp dir root location: /tmp
[2026-05-19T14:19:35.189+0000] {subprocess.py:75} INFO - Running command: ['/usr/bin/bash', '-c', 'cd /opt/airflow/***_dbt && dbt run --profiles-dir /opt/airflow/***_dbt']
[2026-05-19T14:19:35.206+0000] {subprocess.py:86} INFO - Output:
[2026-05-19T14:19:40.303+0000] {subprocess.py:93} INFO - [0m14:19:40  Running with dbt=1.8.3
[2026-05-19T14:19:40.967+0000] {subprocess.py:93} INFO - [0m14:19:40  Registered adapter: postgres=1.8.2
[2026-05-19T14:19:42.679+0000] {subprocess.py:93} INFO - [0m14:19:42  Found 3 models, 10 data tests, 428 macros
[2026-05-19T14:19:42.690+0000] {subprocess.py:93} INFO - [0m14:19:42
[2026-05-19T14:19:43.094+0000] {subprocess.py:93} INFO - [0m14:19:43  Concurrency: 1 threads (target='dev')
[2026-05-19T14:19:43.097+0000] {subprocess.py:93} INFO - [0m14:19:43
[2026-05-19T14:19:43.123+0000] {subprocess.py:93} INFO - [0m14:19:43  1 of 3 START sql view model public.bronze_orders ............................... [RUN]
[2026-05-19T14:19:43.561+0000] {subprocess.py:93} INFO - [0m14:19:43  1 of 3 OK created sql view model public.bronze_orders .......................... [[32mCREATE VIEW[0m in 0.43s]
[2026-05-19T14:19:43.570+0000] {subprocess.py:93} INFO - [0m14:19:43  2 of 3 START sql view model public.silver_orders ............................... [RUN]
[2026-05-19T14:19:43.740+0000] {subprocess.py:93} INFO - [0m14:19:43  2 of 3 OK created sql view model public.silver_orders .......................... [[32mCREATE VIEW[0m in 0.16s]
[2026-05-19T14:19:43.756+0000] {subprocess.py:93} INFO - [0m14:19:43  3 of 3 START sql table model public.gold_orders_summary ........................ [RUN]
[2026-05-19T14:19:44.047+0000] {subprocess.py:93} INFO - [0m14:19:44  3 of 3 OK created sql table model public.gold_orders_summary ................... [[32mSELECT 3[0m in 0.28s]
[2026-05-19T14:19:44.103+0000] {subprocess.py:93} INFO - [0m14:19:44
[2026-05-19T14:19:44.106+0000] {subprocess.py:93} INFO - [0m14:19:44  Finished running 2 view models, 1 table model in 0 hours 0 minutes and 1.41 seconds (1.41s).
[2026-05-19T14:19:44.242+0000] {subprocess.py:93} INFO - [0m14:19:44
[2026-05-19T14:19:44.245+0000] {subprocess.py:93} INFO - [0m14:19:44  [32mCompleted successfully[0m
[2026-05-19T14:19:44.248+0000] {subprocess.py:93} INFO - [0m14:19:44
[2026-05-19T14:19:44.251+0000] {subprocess.py:93} INFO - [0m14:19:44  Done. PASS=3 WARN=0 ERROR=0 SKIP=0 TOTAL=3
[2026-05-19T14:19:45.908+0000] {subprocess.py:97} INFO - Command exited with return code 0
[2026-05-19T14:19:45.909+0000] {taskinstance.py:441} INFO - ::group::Post task execution logs
[2026-05-19T14:19:45.961+0000] {taskinstance.py:1206} INFO - Marking task as SUCCESS. dag_id=***_dbt_pipeline, task_id=dbt_run, run_id=manual__2026-05-19T14:19:33.413569+00:00, execution_date=20260519T141933, start_date=20260519T141934, end_date=20260519T141945
[2026-05-19T14:19:46.009+0000] {local_task_job_runner.py:240} INFO - Task exited with return code 0
[2026-05-19T14:19:46.047+0000] {taskinstance.py:3498} INFO - 1 downstream tasks scheduled from follow-on schedule check
[2026-05-19T14:19:46.051+0000] {local_task_job_runner.py:222} INFO - ::endgroup::
