[2026-05-19T09:08:27.961+0000] {local_task_job_runner.py:120} INFO - ::group::Pre task execution logs
[2026-05-19T09:08:28.069+0000] {taskinstance.py:2076} INFO - Dependencies all met for dep_context=non-requeueable deps ti=<TaskInstance: medallion_dbt_pipeline.dbt_run scheduled__2026-05-18T00:00:00+00:00 [queued]>
[2026-05-19T09:08:28.089+0000] {taskinstance.py:2076} INFO - Dependencies all met for dep_context=requeueable deps ti=<TaskInstance: medallion_dbt_pipeline.dbt_run scheduled__2026-05-18T00:00:00+00:00 [queued]>
[2026-05-19T09:08:28.091+0000] {taskinstance.py:2306} INFO - Starting attempt 1 of 2
[2026-05-19T09:08:28.124+0000] {taskinstance.py:2330} INFO - Executing <Task(BashOperator): dbt_run> on 2026-05-18 00:00:00+00:00
[2026-05-19T09:08:28.139+0000] {standard_task_runner.py:90} INFO - Running: ['airflow', 'tasks', 'run', '***_dbt_pipeline', 'dbt_run', 'scheduled__2026-05-18T00:00:00+00:00', '--job-id', '7', '--raw', '--subdir', 'DAGS_FOLDER/***_dbt_dag.py', '--cfg-path', '/tmp/tmpwl4gv1hf']
[2026-05-19T09:08:28.145+0000] {standard_task_runner.py:91} INFO - Job 7: Subtask dbt_run
[2026-05-19T09:08:28.148+0000] {logging_mixin.py:188} WARNING - /home/airflow/.local/lib/python3.12/site-packages/airflow/task/task_runner/standard_task_runner.py:61 DeprecationWarning: This process (pid=587) is multi-threaded, use of fork() may lead to deadlocks in the child.
[2026-05-19T09:08:28.149+0000] {standard_task_runner.py:63} INFO - Started process 588 to run task
[2026-05-19T09:08:28.282+0000] {task_command.py:426} INFO - Running <TaskInstance: medallion_dbt_pipeline.dbt_run scheduled__2026-05-18T00:00:00+00:00 [running]> on host 449b228c4f9a
[2026-05-19T09:08:28.554+0000] {taskinstance.py:2648} INFO - Exporting env vars: AIRFLOW_CTX_DAG_OWNER='***' AIRFLOW_CTX_DAG_ID='***_dbt_pipeline' AIRFLOW_CTX_TASK_ID='dbt_run' AIRFLOW_CTX_EXECUTION_DATE='2026-05-18T00:00:00+00:00' AIRFLOW_CTX_TRY_NUMBER='1' AIRFLOW_CTX_DAG_RUN_ID='scheduled__2026-05-18T00:00:00+00:00'
[2026-05-19T09:08:28.556+0000] {taskinstance.py:430} INFO - ::endgroup::
[2026-05-19T09:08:28.692+0000] {subprocess.py:63} INFO - Tmp dir root location: /tmp
[2026-05-19T09:08:28.695+0000] {subprocess.py:75} INFO - Running command: ['/usr/bin/bash', '-c', 'cd /opt/airflow/***_dbt && dbt run --profiles-dir /opt/airflow/***_dbt']
[2026-05-19T09:08:28.715+0000] {subprocess.py:86} INFO - Output:
[2026-05-19T09:08:28.720+0000] {subprocess.py:93} INFO - /usr/bin/bash: line 1: cd: /opt/airflow/***_dbt: No such file or directory
[2026-05-19T09:08:28.721+0000] {subprocess.py:97} INFO - Command exited with return code 1
[2026-05-19T09:08:28.723+0000] {taskinstance.py:441} INFO - ::group::Post task execution logs
[2026-05-19T09:08:28.747+0000] {taskinstance.py:2905} ERROR - Task failed with exception
Traceback (most recent call last):
  File "/home/airflow/.local/lib/python3.12/site-packages/airflow/models/taskinstance.py", line 465, in _execute_task
    result = _execute_callable(context=context, **execute_callable_kwargs)
             ^^^^^^^^^^^^^^^^^^^^^^^^^^^^^^^^^^^^^^^^^^^^^^^^^^^^^^^^^^^^^
  File "/home/airflow/.local/lib/python3.12/site-packages/airflow/models/taskinstance.py", line 432, in _execute_callable
    return execute_callable(context=context, **execute_callable_kwargs)
           ^^^^^^^^^^^^^^^^^^^^^^^^^^^^^^^^^^^^^^^^^^^^^^^^^^^^^^^^^^^^
  File "/home/airflow/.local/lib/python3.12/site-packages/airflow/models/baseoperator.py", line 400, in wrapper
    return func(self, *args, **kwargs)
           ^^^^^^^^^^^^^^^^^^^^^^^^^^^
  File "/home/airflow/.local/lib/python3.12/site-packages/airflow/operators/bash.py", line 243, in execute
    raise AirflowException(
airflow.exceptions.AirflowException: Bash command failed. The command returned a non-zero exit code 1.
[2026-05-19T09:08:28.758+0000] {taskinstance.py:1206} INFO - Marking task as UP_FOR_RETRY. dag_id=***_dbt_pipeline, task_id=dbt_run, run_id=scheduled__2026-05-18T00:00:00+00:00, execution_date=20260518T000000, start_date=20260519T090828, end_date=20260519T090828
[2026-05-19T09:08:28.785+0000] {standard_task_runner.py:110} ERROR - Failed to execute job 7 for task dbt_run (Bash command failed. The command returned a non-zero exit code 1.; 588)
[2026-05-19T09:08:28.830+0000] {local_task_job_runner.py:240} INFO - Task exited with return code 1
[2026-05-19T09:08:28.882+0000] {taskinstance.py:3498} INFO - 0 downstream tasks scheduled from follow-on schedule check
[2026-05-19T09:08:28.885+0000] {local_task_job_runner.py:222} INFO - ::endgroup::
