[2026-05-22T16:28:53.681+0000] {local_task_job_runner.py:120} INFO - ::group::Pre task execution logs
[2026-05-22T16:28:53.747+0000] {taskinstance.py:2076} INFO - Dependencies all met for dep_context=non-requeueable deps ti=<TaskInstance: medallion_dbt_pipeline.dbt_run scheduled__2026-05-18T00:00:00+00:00 [queued]>
[2026-05-22T16:28:53.765+0000] {taskinstance.py:2076} INFO - Dependencies all met for dep_context=requeueable deps ti=<TaskInstance: medallion_dbt_pipeline.dbt_run scheduled__2026-05-18T00:00:00+00:00 [queued]>
[2026-05-22T16:28:53.766+0000] {taskinstance.py:2306} INFO - Starting attempt 3 of 4
[2026-05-22T16:28:53.792+0000] {taskinstance.py:2330} INFO - Executing <Task(BashOperator): dbt_run> on 2026-05-18 00:00:00+00:00
[2026-05-22T16:28:53.806+0000] {standard_task_runner.py:90} INFO - Running: ['airflow', 'tasks', 'run', '***_dbt_pipeline', 'dbt_run', 'scheduled__2026-05-18T00:00:00+00:00', '--job-id', '27', '--raw', '--subdir', 'DAGS_FOLDER/***_dbt_dag.py', '--cfg-path', '/tmp/tmpzyo9hzp5']
[2026-05-22T16:28:53.813+0000] {standard_task_runner.py:91} INFO - Job 27: Subtask dbt_run
[2026-05-22T16:28:53.813+0000] {logging_mixin.py:188} WARNING - /home/airflow/.local/lib/python3.12/site-packages/airflow/task/task_runner/standard_task_runner.py:61 DeprecationWarning: This process (pid=2179) is multi-threaded, use of fork() may lead to deadlocks in the child.
[2026-05-22T16:28:53.816+0000] {standard_task_runner.py:63} INFO - Started process 2180 to run task
[2026-05-22T16:28:53.913+0000] {task_command.py:426} INFO - Running <TaskInstance: medallion_dbt_pipeline.dbt_run scheduled__2026-05-18T00:00:00+00:00 [running]> on host 506412aae02e
[2026-05-22T16:28:54.087+0000] {taskinstance.py:2648} INFO - Exporting env vars: AIRFLOW_CTX_DAG_OWNER='***' AIRFLOW_CTX_DAG_ID='***_dbt_pipeline' AIRFLOW_CTX_TASK_ID='dbt_run' AIRFLOW_CTX_EXECUTION_DATE='2026-05-18T00:00:00+00:00' AIRFLOW_CTX_TRY_NUMBER='3' AIRFLOW_CTX_DAG_RUN_ID='scheduled__2026-05-18T00:00:00+00:00'
[2026-05-22T16:28:54.089+0000] {taskinstance.py:430} INFO - ::endgroup::
[2026-05-22T16:28:54.120+0000] {subprocess.py:63} INFO - Tmp dir root location: /tmp
[2026-05-22T16:28:54.123+0000] {subprocess.py:75} INFO - Running command: ['/usr/bin/bash', '-c', 'cd /opt/airflow/***_dbt && dbt run --profiles-dir /opt/airflow/***_dbt']
[2026-05-22T16:28:54.139+0000] {subprocess.py:86} INFO - Output:
[2026-05-22T16:28:58.820+0000] {subprocess.py:93} INFO - [0m16:28:58  Running with dbt=1.8.3
[2026-05-22T16:28:59.437+0000] {subprocess.py:93} INFO - [0m16:28:59  Registered adapter: postgres=1.8.2
[2026-05-22T16:29:01.071+0000] {subprocess.py:93} INFO - [0m16:29:01  Found 3 models, 10 data tests, 428 macros
[2026-05-22T16:29:01.081+0000] {subprocess.py:93} INFO - [0m16:29:01
[2026-05-22T16:29:01.428+0000] {subprocess.py:93} INFO - [0m16:29:01  Concurrency: 1 threads (target='dev')
[2026-05-22T16:29:01.431+0000] {subprocess.py:93} INFO - [0m16:29:01
[2026-05-22T16:29:01.456+0000] {subprocess.py:93} INFO - [0m16:29:01  1 of 3 START sql view model public.bronze_orders ............................... [RUN]
[2026-05-22T16:29:01.810+0000] {subprocess.py:93} INFO - [0m16:29:01  1 of 3 OK created sql view model public.bronze_orders .......................... [[32mCREATE VIEW[0m in 0.35s]
[2026-05-22T16:29:01.820+0000] {subprocess.py:93} INFO - [0m16:29:01  2 of 3 START sql view model public.silver_orders ............................... [RUN]
[2026-05-22T16:29:01.975+0000] {subprocess.py:93} INFO - [0m16:29:01  2 of 3 OK created sql view model public.silver_orders .......................... [[32mCREATE VIEW[0m in 0.15s]
[2026-05-22T16:29:01.984+0000] {subprocess.py:93} INFO - [0m16:29:01  3 of 3 START sql table model public.gold_orders_summary ........................ [RUN]
[2026-05-22T16:29:03.268+0000] {subprocess.py:93} INFO - [0m16:29:03  3 of 3 OK created sql table model public.gold_orders_summary ................... [[32mSELECT 98816[0m in 1.28s]
[2026-05-22T16:29:03.321+0000] {subprocess.py:93} INFO - [0m16:29:03
[2026-05-22T16:29:03.325+0000] {subprocess.py:93} INFO - [0m16:29:03  Finished running 2 view models, 1 table model in 0 hours 0 minutes and 2.24 seconds (2.24s).
[2026-05-22T16:29:03.464+0000] {subprocess.py:93} INFO - [0m16:29:03
[2026-05-22T16:29:03.467+0000] {subprocess.py:93} INFO - [0m16:29:03  [32mCompleted successfully[0m
[2026-05-22T16:29:03.469+0000] {subprocess.py:93} INFO - [0m16:29:03
[2026-05-22T16:29:03.472+0000] {subprocess.py:93} INFO - [0m16:29:03  Done. PASS=3 WARN=0 ERROR=0 SKIP=0 TOTAL=3
[2026-05-22T16:29:05.190+0000] {subprocess.py:97} INFO - Command exited with return code 0
[2026-05-22T16:29:05.192+0000] {taskinstance.py:441} INFO - ::group::Post task execution logs
[2026-05-22T16:29:05.244+0000] {taskinstance.py:1206} INFO - Marking task as SUCCESS. dag_id=***_dbt_pipeline, task_id=dbt_run, run_id=scheduled__2026-05-18T00:00:00+00:00, execution_date=20260518T000000, start_date=20260522T162853, end_date=20260522T162905
[2026-05-22T16:29:05.298+0000] {local_task_job_runner.py:240} INFO - Task exited with return code 0
[2026-05-22T16:29:05.335+0000] {taskinstance.py:3498} INFO - 1 downstream tasks scheduled from follow-on schedule check
[2026-05-22T16:29:05.339+0000] {local_task_job_runner.py:222} INFO - ::endgroup::
