[2026-05-22T16:16:46.297+0000] {local_task_job_runner.py:120} INFO - ::group::Pre task execution logs
[2026-05-22T16:16:46.440+0000] {taskinstance.py:2076} INFO - Dependencies all met for dep_context=non-requeueable deps ti=<TaskInstance: medallion_dbt_pipeline.dbt_run manual__2026-05-22T16:16:44.424149+00:00 [queued]>
[2026-05-22T16:16:46.459+0000] {taskinstance.py:2076} INFO - Dependencies all met for dep_context=requeueable deps ti=<TaskInstance: medallion_dbt_pipeline.dbt_run manual__2026-05-22T16:16:44.424149+00:00 [queued]>
[2026-05-22T16:16:46.460+0000] {taskinstance.py:2306} INFO - Starting attempt 1 of 2
[2026-05-22T16:16:46.497+0000] {taskinstance.py:2330} INFO - Executing <Task(BashOperator): dbt_run> on 2026-05-22 16:16:44.424149+00:00
[2026-05-22T16:16:46.511+0000] {standard_task_runner.py:90} INFO - Running: ['airflow', 'tasks', 'run', '***_dbt_pipeline', 'dbt_run', 'manual__2026-05-22T16:16:44.424149+00:00', '--job-id', '22', '--raw', '--subdir', 'DAGS_FOLDER/***_dbt_dag.py', '--cfg-path', '/tmp/tmpzmhxevr0']
[2026-05-22T16:16:46.518+0000] {standard_task_runner.py:91} INFO - Job 22: Subtask dbt_run
[2026-05-22T16:16:46.522+0000] {logging_mixin.py:188} WARNING - /home/airflow/.local/lib/python3.12/site-packages/airflow/task/task_runner/standard_task_runner.py:61 DeprecationWarning: This process (pid=1995) is multi-threaded, use of fork() may lead to deadlocks in the child.
[2026-05-22T16:16:46.524+0000] {standard_task_runner.py:63} INFO - Started process 1996 to run task
[2026-05-22T16:16:46.620+0000] {task_command.py:426} INFO - Running <TaskInstance: medallion_dbt_pipeline.dbt_run manual__2026-05-22T16:16:44.424149+00:00 [running]> on host 506412aae02e
[2026-05-22T16:16:46.840+0000] {taskinstance.py:2648} INFO - Exporting env vars: AIRFLOW_CTX_DAG_OWNER='***' AIRFLOW_CTX_DAG_ID='***_dbt_pipeline' AIRFLOW_CTX_TASK_ID='dbt_run' AIRFLOW_CTX_EXECUTION_DATE='2026-05-22T16:16:44.424149+00:00' AIRFLOW_CTX_TRY_NUMBER='1' AIRFLOW_CTX_DAG_RUN_ID='manual__2026-05-22T16:16:44.424149+00:00'
[2026-05-22T16:16:46.842+0000] {taskinstance.py:430} INFO - ::endgroup::
[2026-05-22T16:16:46.906+0000] {subprocess.py:63} INFO - Tmp dir root location: /tmp
[2026-05-22T16:16:46.910+0000] {subprocess.py:75} INFO - Running command: ['/usr/bin/bash', '-c', 'cd /opt/airflow/***_dbt && dbt run --profiles-dir /opt/airflow/***_dbt']
[2026-05-22T16:16:46.933+0000] {subprocess.py:86} INFO - Output:
[2026-05-22T16:16:52.385+0000] {subprocess.py:93} INFO - [0m16:16:52  Running with dbt=1.8.3
[2026-05-22T16:16:53.163+0000] {subprocess.py:93} INFO - [0m16:16:53  Registered adapter: postgres=1.8.2
[2026-05-22T16:16:54.850+0000] {subprocess.py:93} INFO - [0m16:16:54  Found 3 models, 10 data tests, 428 macros
[2026-05-22T16:16:54.858+0000] {subprocess.py:93} INFO - [0m16:16:54
[2026-05-22T16:16:55.257+0000] {subprocess.py:93} INFO - [0m16:16:55  Concurrency: 1 threads (target='dev')
[2026-05-22T16:16:55.261+0000] {subprocess.py:93} INFO - [0m16:16:55
[2026-05-22T16:16:55.283+0000] {subprocess.py:93} INFO - [0m16:16:55  1 of 3 START sql view model public.bronze_orders ............................... [RUN]
[2026-05-22T16:16:55.602+0000] {subprocess.py:93} INFO - [0m16:16:55  1 of 3 OK created sql view model public.bronze_orders .......................... [[32mCREATE VIEW[0m in 0.31s]
[2026-05-22T16:16:55.613+0000] {subprocess.py:93} INFO - [0m16:16:55  2 of 3 START sql view model public.silver_orders ............................... [RUN]
[2026-05-22T16:16:55.766+0000] {subprocess.py:93} INFO - [0m16:16:55  2 of 3 OK created sql view model public.silver_orders .......................... [[32mCREATE VIEW[0m in 0.15s]
[2026-05-22T16:16:55.775+0000] {subprocess.py:93} INFO - [0m16:16:55  3 of 3 START sql table model public.gold_orders_summary ........................ [RUN]
[2026-05-22T16:16:57.136+0000] {subprocess.py:93} INFO - [0m16:16:57  3 of 3 OK created sql table model public.gold_orders_summary ................... [[32mSELECT 99441[0m in 1.35s]
[2026-05-22T16:16:57.184+0000] {subprocess.py:93} INFO - [0m16:16:57
[2026-05-22T16:16:57.187+0000] {subprocess.py:93} INFO - [0m16:16:57  Finished running 2 view models, 1 table model in 0 hours 0 minutes and 2.32 seconds (2.32s).
[2026-05-22T16:16:57.312+0000] {subprocess.py:93} INFO - [0m16:16:57
[2026-05-22T16:16:57.315+0000] {subprocess.py:93} INFO - [0m16:16:57  [32mCompleted successfully[0m
[2026-05-22T16:16:57.318+0000] {subprocess.py:93} INFO - [0m16:16:57
[2026-05-22T16:16:57.321+0000] {subprocess.py:93} INFO - [0m16:16:57  Done. PASS=3 WARN=0 ERROR=0 SKIP=0 TOTAL=3
[2026-05-22T16:16:59.008+0000] {subprocess.py:97} INFO - Command exited with return code 0
[2026-05-22T16:16:59.011+0000] {taskinstance.py:441} INFO - ::group::Post task execution logs
[2026-05-22T16:16:59.065+0000] {taskinstance.py:1206} INFO - Marking task as SUCCESS. dag_id=***_dbt_pipeline, task_id=dbt_run, run_id=manual__2026-05-22T16:16:44.424149+00:00, execution_date=20260522T161644, start_date=20260522T161646, end_date=20260522T161659
[2026-05-22T16:16:59.129+0000] {local_task_job_runner.py:240} INFO - Task exited with return code 0
[2026-05-22T16:16:59.167+0000] {taskinstance.py:3498} INFO - 1 downstream tasks scheduled from follow-on schedule check
[2026-05-22T16:16:59.170+0000] {local_task_job_runner.py:222} INFO - ::endgroup::
