[2026-05-22T13:27:53.522+0000] {local_task_job_runner.py:120} INFO - ::group::Pre task execution logs
[2026-05-22T13:27:53.579+0000] {taskinstance.py:2076} INFO - Dependencies all met for dep_context=non-requeueable deps ti=<TaskInstance: medallion_dbt_pipeline.dbt_run scheduled__2026-05-19T00:00:00+00:00 [queued]>
[2026-05-22T13:27:53.596+0000] {taskinstance.py:2076} INFO - Dependencies all met for dep_context=requeueable deps ti=<TaskInstance: medallion_dbt_pipeline.dbt_run scheduled__2026-05-19T00:00:00+00:00 [queued]>
[2026-05-22T13:27:53.597+0000] {taskinstance.py:2306} INFO - Starting attempt 1 of 2
[2026-05-22T13:27:53.622+0000] {taskinstance.py:2330} INFO - Executing <Task(BashOperator): dbt_run> on 2026-05-19 00:00:00+00:00
[2026-05-22T13:27:53.634+0000] {standard_task_runner.py:90} INFO - Running: ['airflow', 'tasks', 'run', '***_dbt_pipeline', 'dbt_run', 'scheduled__2026-05-19T00:00:00+00:00', '--job-id', '17', '--raw', '--subdir', 'DAGS_FOLDER/***_dbt_dag.py', '--cfg-path', '/tmp/tmpe33k49v6']
[2026-05-22T13:27:53.640+0000] {standard_task_runner.py:91} INFO - Job 17: Subtask dbt_run
[2026-05-22T13:27:53.642+0000] {logging_mixin.py:188} WARNING - /home/airflow/.local/lib/python3.12/site-packages/airflow/task/task_runner/standard_task_runner.py:61 DeprecationWarning: This process (pid=242) is multi-threaded, use of fork() may lead to deadlocks in the child.
[2026-05-22T13:27:53.643+0000] {standard_task_runner.py:63} INFO - Started process 246 to run task
[2026-05-22T13:27:53.755+0000] {task_command.py:426} INFO - Running <TaskInstance: medallion_dbt_pipeline.dbt_run scheduled__2026-05-19T00:00:00+00:00 [running]> on host 506412aae02e
[2026-05-22T13:27:53.911+0000] {taskinstance.py:2648} INFO - Exporting env vars: AIRFLOW_CTX_DAG_OWNER='***' AIRFLOW_CTX_DAG_ID='***_dbt_pipeline' AIRFLOW_CTX_TASK_ID='dbt_run' AIRFLOW_CTX_EXECUTION_DATE='2026-05-19T00:00:00+00:00' AIRFLOW_CTX_TRY_NUMBER='1' AIRFLOW_CTX_DAG_RUN_ID='scheduled__2026-05-19T00:00:00+00:00'
[2026-05-22T13:27:53.913+0000] {taskinstance.py:430} INFO - ::endgroup::
[2026-05-22T13:27:53.953+0000] {subprocess.py:63} INFO - Tmp dir root location: /tmp
[2026-05-22T13:27:53.955+0000] {subprocess.py:75} INFO - Running command: ['/usr/bin/bash', '-c', 'cd /opt/airflow/***_dbt && dbt run --profiles-dir /opt/airflow/***_dbt']
[2026-05-22T13:27:53.971+0000] {subprocess.py:86} INFO - Output:
[2026-05-22T13:27:59.272+0000] {subprocess.py:93} INFO - [0m13:27:59  Running with dbt=1.8.3
[2026-05-22T13:27:59.940+0000] {subprocess.py:93} INFO - [0m13:27:59  Registered adapter: postgres=1.8.2
[2026-05-22T13:28:01.678+0000] {subprocess.py:93} INFO - [0m13:28:01  Found 3 models, 10 data tests, 428 macros
[2026-05-22T13:28:01.692+0000] {subprocess.py:93} INFO - [0m13:28:01
[2026-05-22T13:28:02.137+0000] {subprocess.py:93} INFO - [0m13:28:02  Concurrency: 1 threads (target='dev')
[2026-05-22T13:28:02.141+0000] {subprocess.py:93} INFO - [0m13:28:02
[2026-05-22T13:28:02.166+0000] {subprocess.py:93} INFO - [0m13:28:02  1 of 3 START sql view model public.bronze_orders ............................... [RUN]
[2026-05-22T13:28:02.563+0000] {subprocess.py:93} INFO - [0m13:28:02  1 of 3 OK created sql view model public.bronze_orders .......................... [[32mCREATE VIEW[0m in 0.39s]
[2026-05-22T13:28:02.574+0000] {subprocess.py:93} INFO - [0m13:28:02  2 of 3 START sql view model public.silver_orders ............................... [RUN]
[2026-05-22T13:28:02.747+0000] {subprocess.py:93} INFO - [0m13:28:02  2 of 3 OK created sql view model public.silver_orders .......................... [[32mCREATE VIEW[0m in 0.17s]
[2026-05-22T13:28:02.757+0000] {subprocess.py:93} INFO - [0m13:28:02  3 of 3 START sql table model public.gold_orders_summary ........................ [RUN]
[2026-05-22T13:28:02.998+0000] {subprocess.py:93} INFO - [0m13:28:02  3 of 3 OK created sql table model public.gold_orders_summary ................... [[32mSELECT 3[0m in 0.24s]
[2026-05-22T13:28:03.043+0000] {subprocess.py:93} INFO - [0m13:28:03
[2026-05-22T13:28:03.045+0000] {subprocess.py:93} INFO - [0m13:28:03  Finished running 2 view models, 1 table model in 0 hours 0 minutes and 1.35 seconds (1.35s).
[2026-05-22T13:28:03.175+0000] {subprocess.py:93} INFO - [0m13:28:03
[2026-05-22T13:28:03.177+0000] {subprocess.py:93} INFO - [0m13:28:03  [32mCompleted successfully[0m
[2026-05-22T13:28:03.179+0000] {subprocess.py:93} INFO - [0m13:28:03
[2026-05-22T13:28:03.182+0000] {subprocess.py:93} INFO - [0m13:28:03  Done. PASS=3 WARN=0 ERROR=0 SKIP=0 TOTAL=3
[2026-05-22T13:28:04.769+0000] {subprocess.py:97} INFO - Command exited with return code 0
[2026-05-22T13:28:04.770+0000] {taskinstance.py:441} INFO - ::group::Post task execution logs
[2026-05-22T13:28:04.815+0000] {taskinstance.py:1206} INFO - Marking task as SUCCESS. dag_id=***_dbt_pipeline, task_id=dbt_run, run_id=scheduled__2026-05-19T00:00:00+00:00, execution_date=20260519T000000, start_date=20260522T132753, end_date=20260522T132804
[2026-05-22T13:28:04.878+0000] {local_task_job_runner.py:240} INFO - Task exited with return code 0
[2026-05-22T13:28:04.920+0000] {taskinstance.py:3498} INFO - 1 downstream tasks scheduled from follow-on schedule check
[2026-05-22T13:28:04.923+0000] {local_task_job_runner.py:222} INFO - ::endgroup::
