[2026-05-14T16:28:52.548+0000] {processor.py:161} INFO - Started process (PID=209) to work on /opt/airflow/dags/medallion_dbt_dag.py
[2026-05-14T16:28:52.550+0000] {processor.py:830} INFO - Processing file /opt/airflow/dags/medallion_dbt_dag.py for tasks to queue
[2026-05-14T16:28:52.553+0000] {logging_mixin.py:188} INFO - [2026-05-14T16:28:52.552+0000] {dagbag.py:545} INFO - Filling up the DagBag from /opt/airflow/dags/medallion_dbt_dag.py
[2026-05-14T16:28:52.615+0000] {logging_mixin.py:188} INFO - [2026-05-14T16:28:52.604+0000] {dagbag.py:355} ERROR - Failed to import: /opt/airflow/dags/medallion_dbt_dag.py
Traceback (most recent call last):
  File "/home/airflow/.local/lib/python3.12/site-packages/airflow/models/dagbag.py", line 351, in parse
    loader.exec_module(new_module)
  File "<frozen importlib._bootstrap_external>", line 995, in exec_module
  File "<frozen importlib._bootstrap>", line 488, in _call_with_frames_removed
  File "/opt/airflow/dags/medallion_dbt_dag.py", line 8, in <module>
    'retry_delay': timedelta(mintues = 5),
                   ^^^^^^^^^^^^^^^^^^^^^^
TypeError: 'mintues' is an invalid keyword argument for __new__()
[2026-05-14T16:28:52.719+0000] {processor.py:842} WARNING - No viable dags retrieved from /opt/airflow/dags/medallion_dbt_dag.py
[2026-05-14T16:28:52.767+0000] {processor.py:183} INFO - Processing /opt/airflow/dags/medallion_dbt_dag.py took 0.248 seconds
[2026-05-14T16:29:23.086+0000] {processor.py:161} INFO - Started process (PID=238) to work on /opt/airflow/dags/medallion_dbt_dag.py
[2026-05-14T16:29:23.089+0000] {processor.py:830} INFO - Processing file /opt/airflow/dags/medallion_dbt_dag.py for tasks to queue
[2026-05-14T16:29:23.092+0000] {logging_mixin.py:188} INFO - [2026-05-14T16:29:23.091+0000] {dagbag.py:545} INFO - Filling up the DagBag from /opt/airflow/dags/medallion_dbt_dag.py
[2026-05-14T16:29:23.139+0000] {logging_mixin.py:188} INFO - [2026-05-14T16:29:23.129+0000] {dagbag.py:355} ERROR - Failed to import: /opt/airflow/dags/medallion_dbt_dag.py
Traceback (most recent call last):
  File "/home/airflow/.local/lib/python3.12/site-packages/airflow/models/dagbag.py", line 351, in parse
    loader.exec_module(new_module)
  File "<frozen importlib._bootstrap_external>", line 995, in exec_module
  File "<frozen importlib._bootstrap>", line 488, in _call_with_frames_removed
  File "/opt/airflow/dags/medallion_dbt_dag.py", line 8, in <module>
    'retry_delay': timedelta(mintues = 5),
                   ^^^^^^^^^^^^^^^^^^^^^^
TypeError: 'mintues' is an invalid keyword argument for __new__()
[2026-05-14T16:29:23.143+0000] {processor.py:842} WARNING - No viable dags retrieved from /opt/airflow/dags/medallion_dbt_dag.py
[2026-05-14T16:29:23.188+0000] {processor.py:183} INFO - Processing /opt/airflow/dags/medallion_dbt_dag.py took 0.115 seconds
[2026-05-14T16:29:53.614+0000] {processor.py:161} INFO - Started process (PID=274) to work on /opt/airflow/dags/medallion_dbt_dag.py
[2026-05-14T16:29:53.616+0000] {processor.py:830} INFO - Processing file /opt/airflow/dags/medallion_dbt_dag.py for tasks to queue
[2026-05-14T16:29:53.622+0000] {logging_mixin.py:188} INFO - [2026-05-14T16:29:53.621+0000] {dagbag.py:545} INFO - Filling up the DagBag from /opt/airflow/dags/medallion_dbt_dag.py
[2026-05-14T16:29:53.659+0000] {logging_mixin.py:188} INFO - [2026-05-14T16:29:53.649+0000] {dagbag.py:355} ERROR - Failed to import: /opt/airflow/dags/medallion_dbt_dag.py
Traceback (most recent call last):
  File "/home/airflow/.local/lib/python3.12/site-packages/airflow/models/dagbag.py", line 351, in parse
    loader.exec_module(new_module)
  File "<frozen importlib._bootstrap_external>", line 995, in exec_module
  File "<frozen importlib._bootstrap>", line 488, in _call_with_frames_removed
  File "/opt/airflow/dags/medallion_dbt_dag.py", line 8, in <module>
    'retry_delay': timedelta(mintues = 5),
                   ^^^^^^^^^^^^^^^^^^^^^^
TypeError: 'mintues' is an invalid keyword argument for __new__()
[2026-05-14T16:29:53.662+0000] {processor.py:842} WARNING - No viable dags retrieved from /opt/airflow/dags/medallion_dbt_dag.py
[2026-05-14T16:29:53.712+0000] {processor.py:183} INFO - Processing /opt/airflow/dags/medallion_dbt_dag.py took 0.111 seconds
[2026-05-14T16:30:23.834+0000] {processor.py:161} INFO - Started process (PID=292) to work on /opt/airflow/dags/medallion_dbt_dag.py
[2026-05-14T16:30:23.839+0000] {processor.py:830} INFO - Processing file /opt/airflow/dags/medallion_dbt_dag.py for tasks to queue
[2026-05-14T16:30:23.846+0000] {logging_mixin.py:188} INFO - [2026-05-14T16:30:23.845+0000] {dagbag.py:545} INFO - Filling up the DagBag from /opt/airflow/dags/medallion_dbt_dag.py
[2026-05-14T16:30:23.891+0000] {logging_mixin.py:188} INFO - [2026-05-14T16:30:23.879+0000] {dagbag.py:355} ERROR - Failed to import: /opt/airflow/dags/medallion_dbt_dag.py
Traceback (most recent call last):
  File "/home/airflow/.local/lib/python3.12/site-packages/airflow/models/dagbag.py", line 351, in parse
    loader.exec_module(new_module)
  File "<frozen importlib._bootstrap_external>", line 995, in exec_module
  File "<frozen importlib._bootstrap>", line 488, in _call_with_frames_removed
  File "/opt/airflow/dags/medallion_dbt_dag.py", line 8, in <module>
    'retry_delay': timedelta(mintues = 5),
                   ^^^^^^^^^^^^^^^^^^^^^^
TypeError: 'mintues' is an invalid keyword argument for __new__()
[2026-05-14T16:30:23.895+0000] {processor.py:842} WARNING - No viable dags retrieved from /opt/airflow/dags/medallion_dbt_dag.py
[2026-05-14T16:30:23.957+0000] {processor.py:183} INFO - Processing /opt/airflow/dags/medallion_dbt_dag.py took 0.141 seconds
[2026-05-14T16:30:54.491+0000] {processor.py:161} INFO - Started process (PID=203) to work on /opt/airflow/dags/medallion_dbt_dag.py
[2026-05-14T16:30:54.494+0000] {processor.py:830} INFO - Processing file /opt/airflow/dags/medallion_dbt_dag.py for tasks to queue
[2026-05-14T16:30:54.500+0000] {logging_mixin.py:188} INFO - [2026-05-14T16:30:54.499+0000] {dagbag.py:545} INFO - Filling up the DagBag from /opt/airflow/dags/medallion_dbt_dag.py
[2026-05-14T16:30:54.548+0000] {logging_mixin.py:188} INFO - [2026-05-14T16:30:54.538+0000] {dagbag.py:355} ERROR - Failed to import: /opt/airflow/dags/medallion_dbt_dag.py
Traceback (most recent call last):
  File "/home/airflow/.local/lib/python3.12/site-packages/airflow/models/dagbag.py", line 351, in parse
    loader.exec_module(new_module)
  File "<frozen importlib._bootstrap_external>", line 995, in exec_module
  File "<frozen importlib._bootstrap>", line 488, in _call_with_frames_removed
  File "/opt/airflow/dags/medallion_dbt_dag.py", line 8, in <module>
    'retry_delay': timedelta(mintues = 5),
                   ^^^^^^^^^^^^^^^^^^^^^^
TypeError: 'mintues' is an invalid keyword argument for __new__()
[2026-05-14T16:30:54.552+0000] {processor.py:842} WARNING - No viable dags retrieved from /opt/airflow/dags/medallion_dbt_dag.py
[2026-05-14T16:30:54.600+0000] {processor.py:183} INFO - Processing /opt/airflow/dags/medallion_dbt_dag.py took 0.126 seconds
[2026-05-14T16:31:24.914+0000] {processor.py:161} INFO - Started process (PID=230) to work on /opt/airflow/dags/medallion_dbt_dag.py
[2026-05-14T16:31:24.917+0000] {processor.py:830} INFO - Processing file /opt/airflow/dags/medallion_dbt_dag.py for tasks to queue
[2026-05-14T16:31:24.920+0000] {logging_mixin.py:188} INFO - [2026-05-14T16:31:24.919+0000] {dagbag.py:545} INFO - Filling up the DagBag from /opt/airflow/dags/medallion_dbt_dag.py
[2026-05-14T16:31:24.959+0000] {logging_mixin.py:188} INFO - [2026-05-14T16:31:24.950+0000] {dagbag.py:355} ERROR - Failed to import: /opt/airflow/dags/medallion_dbt_dag.py
Traceback (most recent call last):
  File "/home/airflow/.local/lib/python3.12/site-packages/airflow/models/dagbag.py", line 351, in parse
    loader.exec_module(new_module)
  File "<frozen importlib._bootstrap_external>", line 995, in exec_module
  File "<frozen importlib._bootstrap>", line 488, in _call_with_frames_removed
  File "/opt/airflow/dags/medallion_dbt_dag.py", line 8, in <module>
    'retry_delay': timedelta(mintues = 5),
                   ^^^^^^^^^^^^^^^^^^^^^^
TypeError: 'mintues' is an invalid keyword argument for __new__()
[2026-05-14T16:31:24.963+0000] {processor.py:842} WARNING - No viable dags retrieved from /opt/airflow/dags/medallion_dbt_dag.py
[2026-05-14T16:31:25.036+0000] {processor.py:183} INFO - Processing /opt/airflow/dags/medallion_dbt_dag.py took 0.135 seconds
[2026-05-14T16:31:55.464+0000] {processor.py:161} INFO - Started process (PID=266) to work on /opt/airflow/dags/medallion_dbt_dag.py
[2026-05-14T16:31:55.467+0000] {processor.py:830} INFO - Processing file /opt/airflow/dags/medallion_dbt_dag.py for tasks to queue
[2026-05-14T16:31:55.473+0000] {logging_mixin.py:188} INFO - [2026-05-14T16:31:55.472+0000] {dagbag.py:545} INFO - Filling up the DagBag from /opt/airflow/dags/medallion_dbt_dag.py
[2026-05-14T16:31:55.518+0000] {logging_mixin.py:188} INFO - [2026-05-14T16:31:55.508+0000] {dagbag.py:355} ERROR - Failed to import: /opt/airflow/dags/medallion_dbt_dag.py
Traceback (most recent call last):
  File "/home/airflow/.local/lib/python3.12/site-packages/airflow/models/dagbag.py", line 351, in parse
    loader.exec_module(new_module)
  File "<frozen importlib._bootstrap_external>", line 995, in exec_module
  File "<frozen importlib._bootstrap>", line 488, in _call_with_frames_removed
  File "/opt/airflow/dags/medallion_dbt_dag.py", line 8, in <module>
    'retry_delay': timedelta(mintues = 5),
                   ^^^^^^^^^^^^^^^^^^^^^^
TypeError: 'mintues' is an invalid keyword argument for __new__()
[2026-05-14T16:31:55.522+0000] {processor.py:842} WARNING - No viable dags retrieved from /opt/airflow/dags/medallion_dbt_dag.py
[2026-05-14T16:31:55.575+0000] {processor.py:183} INFO - Processing /opt/airflow/dags/medallion_dbt_dag.py took 0.128 seconds
[2026-05-14T16:32:25.988+0000] {processor.py:161} INFO - Started process (PID=271) to work on /opt/airflow/dags/medallion_dbt_dag.py
[2026-05-14T16:32:25.995+0000] {processor.py:830} INFO - Processing file /opt/airflow/dags/medallion_dbt_dag.py for tasks to queue
[2026-05-14T16:32:26.000+0000] {logging_mixin.py:188} INFO - [2026-05-14T16:32:25.999+0000] {dagbag.py:545} INFO - Filling up the DagBag from /opt/airflow/dags/medallion_dbt_dag.py
[2026-05-14T16:32:26.043+0000] {logging_mixin.py:188} INFO - [2026-05-14T16:32:26.032+0000] {dagbag.py:355} ERROR - Failed to import: /opt/airflow/dags/medallion_dbt_dag.py
Traceback (most recent call last):
  File "/home/airflow/.local/lib/python3.12/site-packages/airflow/models/dagbag.py", line 351, in parse
    loader.exec_module(new_module)
  File "<frozen importlib._bootstrap_external>", line 995, in exec_module
  File "<frozen importlib._bootstrap>", line 488, in _call_with_frames_removed
  File "/opt/airflow/dags/medallion_dbt_dag.py", line 8, in <module>
    'retry_delay': timedelta(mintues = 5),
                   ^^^^^^^^^^^^^^^^^^^^^^
TypeError: 'mintues' is an invalid keyword argument for __new__()
[2026-05-14T16:32:26.047+0000] {processor.py:842} WARNING - No viable dags retrieved from /opt/airflow/dags/medallion_dbt_dag.py
[2026-05-14T16:32:26.135+0000] {processor.py:183} INFO - Processing /opt/airflow/dags/medallion_dbt_dag.py took 0.163 seconds
[2026-05-14T16:32:56.424+0000] {processor.py:161} INFO - Started process (PID=276) to work on /opt/airflow/dags/medallion_dbt_dag.py
[2026-05-14T16:32:56.429+0000] {processor.py:830} INFO - Processing file /opt/airflow/dags/medallion_dbt_dag.py for tasks to queue
[2026-05-14T16:32:56.435+0000] {logging_mixin.py:188} INFO - [2026-05-14T16:32:56.434+0000] {dagbag.py:545} INFO - Filling up the DagBag from /opt/airflow/dags/medallion_dbt_dag.py
[2026-05-14T16:32:56.480+0000] {logging_mixin.py:188} INFO - [2026-05-14T16:32:56.469+0000] {dagbag.py:355} ERROR - Failed to import: /opt/airflow/dags/medallion_dbt_dag.py
Traceback (most recent call last):
  File "/home/airflow/.local/lib/python3.12/site-packages/airflow/models/dagbag.py", line 351, in parse
    loader.exec_module(new_module)
  File "<frozen importlib._bootstrap_external>", line 995, in exec_module
  File "<frozen importlib._bootstrap>", line 488, in _call_with_frames_removed
  File "/opt/airflow/dags/medallion_dbt_dag.py", line 8, in <module>
    'retry_delay': timedelta(mintues = 5),
                   ^^^^^^^^^^^^^^^^^^^^^^
TypeError: 'mintues' is an invalid keyword argument for __new__()
[2026-05-14T16:32:56.484+0000] {processor.py:842} WARNING - No viable dags retrieved from /opt/airflow/dags/medallion_dbt_dag.py
[2026-05-14T16:32:56.583+0000] {processor.py:183} INFO - Processing /opt/airflow/dags/medallion_dbt_dag.py took 0.184 seconds
[2026-05-14T16:33:27.135+0000] {processor.py:161} INFO - Started process (PID=281) to work on /opt/airflow/dags/medallion_dbt_dag.py
[2026-05-14T16:33:27.137+0000] {processor.py:830} INFO - Processing file /opt/airflow/dags/medallion_dbt_dag.py for tasks to queue
[2026-05-14T16:33:27.141+0000] {logging_mixin.py:188} INFO - [2026-05-14T16:33:27.140+0000] {dagbag.py:545} INFO - Filling up the DagBag from /opt/airflow/dags/medallion_dbt_dag.py
[2026-05-14T16:33:27.180+0000] {logging_mixin.py:188} INFO - [2026-05-14T16:33:27.170+0000] {dagbag.py:355} ERROR - Failed to import: /opt/airflow/dags/medallion_dbt_dag.py
Traceback (most recent call last):
  File "/home/airflow/.local/lib/python3.12/site-packages/airflow/models/dagbag.py", line 351, in parse
    loader.exec_module(new_module)
  File "<frozen importlib._bootstrap_external>", line 995, in exec_module
  File "<frozen importlib._bootstrap>", line 488, in _call_with_frames_removed
  File "/opt/airflow/dags/medallion_dbt_dag.py", line 8, in <module>
    'retry_delay': timedelta(mintues = 5),
                   ^^^^^^^^^^^^^^^^^^^^^^
TypeError: 'mintues' is an invalid keyword argument for __new__()
[2026-05-14T16:33:27.184+0000] {processor.py:842} WARNING - No viable dags retrieved from /opt/airflow/dags/medallion_dbt_dag.py
[2026-05-14T16:33:27.254+0000] {processor.py:183} INFO - Processing /opt/airflow/dags/medallion_dbt_dag.py took 0.136 seconds
[2026-05-14T16:33:57.596+0000] {processor.py:161} INFO - Started process (PID=286) to work on /opt/airflow/dags/medallion_dbt_dag.py
[2026-05-14T16:33:57.598+0000] {processor.py:830} INFO - Processing file /opt/airflow/dags/medallion_dbt_dag.py for tasks to queue
[2026-05-14T16:33:57.603+0000] {logging_mixin.py:188} INFO - [2026-05-14T16:33:57.602+0000] {dagbag.py:545} INFO - Filling up the DagBag from /opt/airflow/dags/medallion_dbt_dag.py
[2026-05-14T16:33:57.649+0000] {logging_mixin.py:188} INFO - [2026-05-14T16:33:57.638+0000] {dagbag.py:355} ERROR - Failed to import: /opt/airflow/dags/medallion_dbt_dag.py
Traceback (most recent call last):
  File "/home/airflow/.local/lib/python3.12/site-packages/airflow/models/dagbag.py", line 351, in parse
    loader.exec_module(new_module)
  File "<frozen importlib._bootstrap_external>", line 995, in exec_module
  File "<frozen importlib._bootstrap>", line 488, in _call_with_frames_removed
  File "/opt/airflow/dags/medallion_dbt_dag.py", line 8, in <module>
    'retry_delay': timedelta(mintues = 5),
                   ^^^^^^^^^^^^^^^^^^^^^^
TypeError: 'mintues' is an invalid keyword argument for __new__()
[2026-05-14T16:33:57.657+0000] {processor.py:842} WARNING - No viable dags retrieved from /opt/airflow/dags/medallion_dbt_dag.py
[2026-05-14T16:33:57.734+0000] {processor.py:183} INFO - Processing /opt/airflow/dags/medallion_dbt_dag.py took 0.154 seconds
[2026-05-14T16:34:28.343+0000] {processor.py:161} INFO - Started process (PID=291) to work on /opt/airflow/dags/medallion_dbt_dag.py
[2026-05-14T16:34:28.348+0000] {processor.py:830} INFO - Processing file /opt/airflow/dags/medallion_dbt_dag.py for tasks to queue
[2026-05-14T16:34:28.355+0000] {logging_mixin.py:188} INFO - [2026-05-14T16:34:28.354+0000] {dagbag.py:545} INFO - Filling up the DagBag from /opt/airflow/dags/medallion_dbt_dag.py
[2026-05-14T16:34:28.399+0000] {logging_mixin.py:188} INFO - [2026-05-14T16:34:28.389+0000] {dagbag.py:355} ERROR - Failed to import: /opt/airflow/dags/medallion_dbt_dag.py
Traceback (most recent call last):
  File "/home/airflow/.local/lib/python3.12/site-packages/airflow/models/dagbag.py", line 351, in parse
    loader.exec_module(new_module)
  File "<frozen importlib._bootstrap_external>", line 995, in exec_module
  File "<frozen importlib._bootstrap>", line 488, in _call_with_frames_removed
  File "/opt/airflow/dags/medallion_dbt_dag.py", line 8, in <module>
    'retry_delay': timedelta(mintues = 5),
                   ^^^^^^^^^^^^^^^^^^^^^^
TypeError: 'mintues' is an invalid keyword argument for __new__()
[2026-05-14T16:34:28.403+0000] {processor.py:842} WARNING - No viable dags retrieved from /opt/airflow/dags/medallion_dbt_dag.py
[2026-05-14T16:34:28.471+0000] {processor.py:183} INFO - Processing /opt/airflow/dags/medallion_dbt_dag.py took 0.139 seconds
[2026-05-14T16:34:58.908+0000] {processor.py:161} INFO - Started process (PID=296) to work on /opt/airflow/dags/medallion_dbt_dag.py
[2026-05-14T16:34:58.911+0000] {processor.py:830} INFO - Processing file /opt/airflow/dags/medallion_dbt_dag.py for tasks to queue
[2026-05-14T16:34:58.917+0000] {logging_mixin.py:188} INFO - [2026-05-14T16:34:58.916+0000] {dagbag.py:545} INFO - Filling up the DagBag from /opt/airflow/dags/medallion_dbt_dag.py
[2026-05-14T16:34:58.966+0000] {logging_mixin.py:188} INFO - [2026-05-14T16:34:58.954+0000] {dagbag.py:355} ERROR - Failed to import: /opt/airflow/dags/medallion_dbt_dag.py
Traceback (most recent call last):
  File "/home/airflow/.local/lib/python3.12/site-packages/airflow/models/dagbag.py", line 351, in parse
    loader.exec_module(new_module)
  File "<frozen importlib._bootstrap_external>", line 995, in exec_module
  File "<frozen importlib._bootstrap>", line 488, in _call_with_frames_removed
  File "/opt/airflow/dags/medallion_dbt_dag.py", line 8, in <module>
    'retry_delay': timedelta(mintues = 5),
                   ^^^^^^^^^^^^^^^^^^^^^^
TypeError: 'mintues' is an invalid keyword argument for __new__()
[2026-05-14T16:34:58.970+0000] {processor.py:842} WARNING - No viable dags retrieved from /opt/airflow/dags/medallion_dbt_dag.py
[2026-05-14T16:34:59.048+0000] {processor.py:183} INFO - Processing /opt/airflow/dags/medallion_dbt_dag.py took 0.157 seconds
[2026-05-14T16:35:29.302+0000] {processor.py:161} INFO - Started process (PID=301) to work on /opt/airflow/dags/medallion_dbt_dag.py
[2026-05-14T16:35:29.306+0000] {processor.py:830} INFO - Processing file /opt/airflow/dags/medallion_dbt_dag.py for tasks to queue
[2026-05-14T16:35:29.310+0000] {logging_mixin.py:188} INFO - [2026-05-14T16:35:29.309+0000] {dagbag.py:545} INFO - Filling up the DagBag from /opt/airflow/dags/medallion_dbt_dag.py
[2026-05-14T16:35:29.358+0000] {logging_mixin.py:188} INFO - [2026-05-14T16:35:29.347+0000] {dagbag.py:355} ERROR - Failed to import: /opt/airflow/dags/medallion_dbt_dag.py
Traceback (most recent call last):
  File "/home/airflow/.local/lib/python3.12/site-packages/airflow/models/dagbag.py", line 351, in parse
    loader.exec_module(new_module)
  File "<frozen importlib._bootstrap_external>", line 995, in exec_module
  File "<frozen importlib._bootstrap>", line 488, in _call_with_frames_removed
  File "/opt/airflow/dags/medallion_dbt_dag.py", line 8, in <module>
    'retry_delay': timedelta(mintues = 5),
                   ^^^^^^^^^^^^^^^^^^^^^^
TypeError: 'mintues' is an invalid keyword argument for __new__()
[2026-05-14T16:35:29.364+0000] {processor.py:842} WARNING - No viable dags retrieved from /opt/airflow/dags/medallion_dbt_dag.py
[2026-05-14T16:35:29.447+0000] {processor.py:183} INFO - Processing /opt/airflow/dags/medallion_dbt_dag.py took 0.162 seconds
[2026-05-14T16:36:00.143+0000] {processor.py:161} INFO - Started process (PID=306) to work on /opt/airflow/dags/medallion_dbt_dag.py
[2026-05-14T16:36:00.145+0000] {processor.py:830} INFO - Processing file /opt/airflow/dags/medallion_dbt_dag.py for tasks to queue
[2026-05-14T16:36:00.149+0000] {logging_mixin.py:188} INFO - [2026-05-14T16:36:00.148+0000] {dagbag.py:545} INFO - Filling up the DagBag from /opt/airflow/dags/medallion_dbt_dag.py
[2026-05-14T16:36:00.193+0000] {logging_mixin.py:188} INFO - [2026-05-14T16:36:00.183+0000] {dagbag.py:355} ERROR - Failed to import: /opt/airflow/dags/medallion_dbt_dag.py
Traceback (most recent call last):
  File "/home/airflow/.local/lib/python3.12/site-packages/airflow/models/dagbag.py", line 351, in parse
    loader.exec_module(new_module)
  File "<frozen importlib._bootstrap_external>", line 995, in exec_module
  File "<frozen importlib._bootstrap>", line 488, in _call_with_frames_removed
  File "/opt/airflow/dags/medallion_dbt_dag.py", line 8, in <module>
    'retry_delay': timedelta(mintues = 5),
                   ^^^^^^^^^^^^^^^^^^^^^^
TypeError: 'mintues' is an invalid keyword argument for __new__()
[2026-05-14T16:36:00.197+0000] {processor.py:842} WARNING - No viable dags retrieved from /opt/airflow/dags/medallion_dbt_dag.py
[2026-05-14T16:36:00.269+0000] {processor.py:183} INFO - Processing /opt/airflow/dags/medallion_dbt_dag.py took 0.137 seconds
[2026-05-14T16:36:30.646+0000] {processor.py:161} INFO - Started process (PID=311) to work on /opt/airflow/dags/medallion_dbt_dag.py
[2026-05-14T16:36:30.648+0000] {processor.py:830} INFO - Processing file /opt/airflow/dags/medallion_dbt_dag.py for tasks to queue
[2026-05-14T16:36:30.652+0000] {logging_mixin.py:188} INFO - [2026-05-14T16:36:30.651+0000] {dagbag.py:545} INFO - Filling up the DagBag from /opt/airflow/dags/medallion_dbt_dag.py
[2026-05-14T16:36:30.695+0000] {logging_mixin.py:188} INFO - [2026-05-14T16:36:30.684+0000] {dagbag.py:355} ERROR - Failed to import: /opt/airflow/dags/medallion_dbt_dag.py
Traceback (most recent call last):
  File "/home/airflow/.local/lib/python3.12/site-packages/airflow/models/dagbag.py", line 351, in parse
    loader.exec_module(new_module)
  File "<frozen importlib._bootstrap_external>", line 995, in exec_module
  File "<frozen importlib._bootstrap>", line 488, in _call_with_frames_removed
  File "/opt/airflow/dags/medallion_dbt_dag.py", line 8, in <module>
    'retry_delay': timedelta(mintues = 5),
                   ^^^^^^^^^^^^^^^^^^^^^^
TypeError: 'mintues' is an invalid keyword argument for __new__()
[2026-05-14T16:36:30.698+0000] {processor.py:842} WARNING - No viable dags retrieved from /opt/airflow/dags/medallion_dbt_dag.py
[2026-05-14T16:36:30.776+0000] {processor.py:183} INFO - Processing /opt/airflow/dags/medallion_dbt_dag.py took 0.141 seconds
[2026-05-14T16:37:01.224+0000] {processor.py:161} INFO - Started process (PID=316) to work on /opt/airflow/dags/medallion_dbt_dag.py
[2026-05-14T16:37:01.226+0000] {processor.py:830} INFO - Processing file /opt/airflow/dags/medallion_dbt_dag.py for tasks to queue
[2026-05-14T16:37:01.229+0000] {logging_mixin.py:188} INFO - [2026-05-14T16:37:01.229+0000] {dagbag.py:545} INFO - Filling up the DagBag from /opt/airflow/dags/medallion_dbt_dag.py
[2026-05-14T16:37:01.278+0000] {logging_mixin.py:188} INFO - [2026-05-14T16:37:01.266+0000] {dagbag.py:355} ERROR - Failed to import: /opt/airflow/dags/medallion_dbt_dag.py
Traceback (most recent call last):
  File "/home/airflow/.local/lib/python3.12/site-packages/airflow/models/dagbag.py", line 351, in parse
    loader.exec_module(new_module)
  File "<frozen importlib._bootstrap_external>", line 995, in exec_module
  File "<frozen importlib._bootstrap>", line 488, in _call_with_frames_removed
  File "/opt/airflow/dags/medallion_dbt_dag.py", line 8, in <module>
    'retry_delay': timedelta(mintues = 5),
                   ^^^^^^^^^^^^^^^^^^^^^^
TypeError: 'mintues' is an invalid keyword argument for __new__()
[2026-05-14T16:37:01.282+0000] {processor.py:842} WARNING - No viable dags retrieved from /opt/airflow/dags/medallion_dbt_dag.py
[2026-05-14T16:37:01.353+0000] {processor.py:183} INFO - Processing /opt/airflow/dags/medallion_dbt_dag.py took 0.141 seconds
[2026-05-14T16:37:31.777+0000] {processor.py:161} INFO - Started process (PID=321) to work on /opt/airflow/dags/medallion_dbt_dag.py
[2026-05-14T16:37:31.779+0000] {processor.py:830} INFO - Processing file /opt/airflow/dags/medallion_dbt_dag.py for tasks to queue
[2026-05-14T16:37:31.783+0000] {logging_mixin.py:188} INFO - [2026-05-14T16:37:31.782+0000] {dagbag.py:545} INFO - Filling up the DagBag from /opt/airflow/dags/medallion_dbt_dag.py
[2026-05-14T16:37:31.824+0000] {logging_mixin.py:188} INFO - [2026-05-14T16:37:31.814+0000] {dagbag.py:355} ERROR - Failed to import: /opt/airflow/dags/medallion_dbt_dag.py
Traceback (most recent call last):
  File "/home/airflow/.local/lib/python3.12/site-packages/airflow/models/dagbag.py", line 351, in parse
    loader.exec_module(new_module)
  File "<frozen importlib._bootstrap_external>", line 995, in exec_module
  File "<frozen importlib._bootstrap>", line 488, in _call_with_frames_removed
  File "/opt/airflow/dags/medallion_dbt_dag.py", line 8, in <module>
    'retry_delay': timedelta(mintues = 5),
                   ^^^^^^^^^^^^^^^^^^^^^^
TypeError: 'mintues' is an invalid keyword argument for __new__()
[2026-05-14T16:37:31.828+0000] {processor.py:842} WARNING - No viable dags retrieved from /opt/airflow/dags/medallion_dbt_dag.py
[2026-05-14T16:37:31.876+0000] {processor.py:183} INFO - Processing /opt/airflow/dags/medallion_dbt_dag.py took 0.111 seconds
[2026-05-14T16:38:02.327+0000] {processor.py:161} INFO - Started process (PID=326) to work on /opt/airflow/dags/medallion_dbt_dag.py
[2026-05-14T16:38:02.330+0000] {processor.py:830} INFO - Processing file /opt/airflow/dags/medallion_dbt_dag.py for tasks to queue
[2026-05-14T16:38:02.336+0000] {logging_mixin.py:188} INFO - [2026-05-14T16:38:02.335+0000] {dagbag.py:545} INFO - Filling up the DagBag from /opt/airflow/dags/medallion_dbt_dag.py
[2026-05-14T16:38:02.393+0000] {logging_mixin.py:188} INFO - [2026-05-14T16:38:02.377+0000] {dagbag.py:355} ERROR - Failed to import: /opt/airflow/dags/medallion_dbt_dag.py
Traceback (most recent call last):
  File "/home/airflow/.local/lib/python3.12/site-packages/airflow/models/dagbag.py", line 351, in parse
    loader.exec_module(new_module)
  File "<frozen importlib._bootstrap_external>", line 995, in exec_module
  File "<frozen importlib._bootstrap>", line 488, in _call_with_frames_removed
  File "/opt/airflow/dags/medallion_dbt_dag.py", line 8, in <module>
    'retry_delay': timedelta(mintues = 5),
                   ^^^^^^^^^^^^^^^^^^^^^^
TypeError: 'mintues' is an invalid keyword argument for __new__()
[2026-05-14T16:38:02.397+0000] {processor.py:842} WARNING - No viable dags retrieved from /opt/airflow/dags/medallion_dbt_dag.py
[2026-05-14T16:38:02.476+0000] {processor.py:183} INFO - Processing /opt/airflow/dags/medallion_dbt_dag.py took 0.163 seconds
