[2026-05-19T14:18:07.292+0000] {local_task_job_runner.py:120} INFO - ::group::Pre task execution logs
[2026-05-19T14:18:07.362+0000] {taskinstance.py:2076} INFO - Dependencies all met for dep_context=non-requeueable deps ti=<TaskInstance: medallion_dbt_pipeline.dbt_run manual__2026-05-19T14:18:05.571312+00:00 [queued]>
[2026-05-19T14:18:07.379+0000] {taskinstance.py:2076} INFO - Dependencies all met for dep_context=requeueable deps ti=<TaskInstance: medallion_dbt_pipeline.dbt_run manual__2026-05-19T14:18:05.571312+00:00 [queued]>
[2026-05-19T14:18:07.380+0000] {taskinstance.py:2306} INFO - Starting attempt 1 of 2
[2026-05-19T14:18:07.407+0000] {taskinstance.py:2330} INFO - Executing <Task(BashOperator): dbt_run> on 2026-05-19 14:18:05.571312+00:00
[2026-05-19T14:18:07.420+0000] {standard_task_runner.py:90} INFO - Running: ['airflow', 'tasks', 'run', '***_dbt_pipeline', 'dbt_run', 'manual__2026-05-19T14:18:05.571312+00:00', '--job-id', '12', '--raw', '--subdir', 'DAGS_FOLDER/***_dbt_dag.py', '--cfg-path', '/tmp/tmpcm3ben14']
[2026-05-19T14:18:07.427+0000] {standard_task_runner.py:91} INFO - Job 12: Subtask dbt_run
[2026-05-19T14:18:07.431+0000] {logging_mixin.py:188} WARNING - /home/airflow/.local/lib/python3.12/site-packages/airflow/task/task_runner/standard_task_runner.py:61 DeprecationWarning: This process (pid=251) is multi-threaded, use of fork() may lead to deadlocks in the child.
[2026-05-19T14:18:07.433+0000] {standard_task_runner.py:63} INFO - Started process 252 to run task
[2026-05-19T14:18:07.539+0000] {task_command.py:426} INFO - Running <TaskInstance: medallion_dbt_pipeline.dbt_run manual__2026-05-19T14:18:05.571312+00:00 [running]> on host 506412aae02e
[2026-05-19T14:18:07.722+0000] {taskinstance.py:2648} INFO - Exporting env vars: AIRFLOW_CTX_DAG_OWNER='***' AIRFLOW_CTX_DAG_ID='***_dbt_pipeline' AIRFLOW_CTX_TASK_ID='dbt_run' AIRFLOW_CTX_EXECUTION_DATE='2026-05-19T14:18:05.571312+00:00' AIRFLOW_CTX_TRY_NUMBER='1' AIRFLOW_CTX_DAG_RUN_ID='manual__2026-05-19T14:18:05.571312+00:00'
[2026-05-19T14:18:07.724+0000] {taskinstance.py:430} INFO - ::endgroup::
[2026-05-19T14:18:07.806+0000] {subprocess.py:63} INFO - Tmp dir root location: /tmp
[2026-05-19T14:18:07.808+0000] {subprocess.py:75} INFO - Running command: ['/usr/bin/bash', '-c', 'cd /opt/airflow/***_dbt && dbt run --profiles-dir /opt/airflow/***_dbt']
[2026-05-19T14:18:07.826+0000] {subprocess.py:86} INFO - Output:
[2026-05-19T14:18:13.931+0000] {subprocess.py:93} INFO - [0m14:18:13  Running with dbt=1.8.3
[2026-05-19T14:18:14.690+0000] {subprocess.py:93} INFO - [0m14:18:14  Registered adapter: postgres=1.8.2
[2026-05-19T14:18:15.534+0000] {subprocess.py:93} INFO - [0m14:18:15  Unable to do partial parsing because of a version mismatch
[2026-05-19T14:18:19.698+0000] {subprocess.py:93} INFO - [0m14:18:19  Found 3 models, 10 data tests, 428 macros
[2026-05-19T14:18:19.708+0000] {subprocess.py:93} INFO - [0m14:18:19
[2026-05-19T14:18:20.073+0000] {subprocess.py:93} INFO - [0m14:18:20  Concurrency: 1 threads (target='dev')
[2026-05-19T14:18:20.076+0000] {subprocess.py:93} INFO - [0m14:18:20
[2026-05-19T14:18:20.105+0000] {subprocess.py:93} INFO - [0m14:18:20  1 of 3 START sql view model public.bronze_orders ............................... [RUN]
[2026-05-19T14:18:20.507+0000] {subprocess.py:93} INFO - [0m14:18:20  1 of 3 OK created sql view model public.bronze_orders .......................... [[32mCREATE VIEW[0m in 0.39s]
[2026-05-19T14:18:20.518+0000] {subprocess.py:93} INFO - [0m14:18:20  2 of 3 START sql view model public.silver_orders ............................... [RUN]
[2026-05-19T14:18:20.701+0000] {subprocess.py:93} INFO - [0m14:18:20  2 of 3 OK created sql view model public.silver_orders .......................... [[32mCREATE VIEW[0m in 0.17s]
[2026-05-19T14:18:20.711+0000] {subprocess.py:93} INFO - [0m14:18:20  3 of 3 START sql table model public.gold_orders_summary ........................ [RUN]
[2026-05-19T14:18:20.973+0000] {subprocess.py:93} INFO - [0m14:18:20  3 of 3 OK created sql table model public.gold_orders_summary ................... [[32mSELECT 3[0m in 0.26s]
[2026-05-19T14:18:21.028+0000] {subprocess.py:93} INFO - [0m14:18:21
[2026-05-19T14:18:21.031+0000] {subprocess.py:93} INFO - [0m14:18:21  Finished running 2 view models, 1 table model in 0 hours 0 minutes and 1.32 seconds (1.32s).
[2026-05-19T14:18:21.200+0000] {subprocess.py:93} INFO - [0m14:18:21
[2026-05-19T14:18:21.203+0000] {subprocess.py:93} INFO - [0m14:18:21  [32mCompleted successfully[0m
[2026-05-19T14:18:21.207+0000] {subprocess.py:93} INFO - [0m14:18:21
[2026-05-19T14:18:21.210+0000] {subprocess.py:93} INFO - [0m14:18:21  Done. PASS=3 WARN=0 ERROR=0 SKIP=0 TOTAL=3
[2026-05-19T14:18:22.978+0000] {subprocess.py:97} INFO - Command exited with return code 0
[2026-05-19T14:18:22.979+0000] {taskinstance.py:441} INFO - ::group::Post task execution logs
[2026-05-19T14:18:23.033+0000] {taskinstance.py:1206} INFO - Marking task as SUCCESS. dag_id=***_dbt_pipeline, task_id=dbt_run, run_id=manual__2026-05-19T14:18:05.571312+00:00, execution_date=20260519T141805, start_date=20260519T141807, end_date=20260519T141823
[2026-05-19T14:18:23.108+0000] {local_task_job_runner.py:240} INFO - Task exited with return code 0
[2026-05-19T14:18:23.150+0000] {taskinstance.py:3498} INFO - 1 downstream tasks scheduled from follow-on schedule check
[2026-05-19T14:18:23.153+0000] {local_task_job_runner.py:222} INFO - ::endgroup::
