[2026-05-24T08:40:15.208+0000] {local_task_job_runner.py:120} INFO - ::group::Pre task execution logs
[2026-05-24T08:40:15.278+0000] {taskinstance.py:2076} INFO - Dependencies all met for dep_context=non-requeueable deps ti=<TaskInstance: medallion_dbt_pipeline.dbt_run scheduled__2026-05-22T00:00:00+00:00 [queued]>
[2026-05-24T08:40:15.295+0000] {taskinstance.py:2076} INFO - Dependencies all met for dep_context=requeueable deps ti=<TaskInstance: medallion_dbt_pipeline.dbt_run scheduled__2026-05-22T00:00:00+00:00 [queued]>
[2026-05-24T08:40:15.296+0000] {taskinstance.py:2306} INFO - Starting attempt 2 of 2
[2026-05-24T08:40:15.326+0000] {taskinstance.py:2330} INFO - Executing <Task(BashOperator): dbt_run> on 2026-05-22 00:00:00+00:00
[2026-05-24T08:40:15.338+0000] {standard_task_runner.py:90} INFO - Running: ['airflow', 'tasks', 'run', '***_dbt_pipeline', 'dbt_run', 'scheduled__2026-05-22T00:00:00+00:00', '--job-id', '36', '--raw', '--subdir', 'DAGS_FOLDER/***_dbt_dag.py', '--cfg-path', '/tmp/tmpw8277qrt']
[2026-05-24T08:40:15.345+0000] {standard_task_runner.py:91} INFO - Job 36: Subtask dbt_run
[2026-05-24T08:40:15.350+0000] {logging_mixin.py:188} WARNING - /home/airflow/.local/lib/python3.12/site-packages/airflow/task/task_runner/standard_task_runner.py:61 DeprecationWarning: This process (pid=379) is multi-threaded, use of fork() may lead to deadlocks in the child.
[2026-05-24T08:40:15.352+0000] {standard_task_runner.py:63} INFO - Started process 380 to run task
[2026-05-24T08:40:15.458+0000] {task_command.py:426} INFO - Running <TaskInstance: medallion_dbt_pipeline.dbt_run scheduled__2026-05-22T00:00:00+00:00 [running]> on host 506412aae02e
[2026-05-24T08:40:15.664+0000] {taskinstance.py:2648} INFO - Exporting env vars: AIRFLOW_CTX_DAG_OWNER='***' AIRFLOW_CTX_DAG_ID='***_dbt_pipeline' AIRFLOW_CTX_TASK_ID='dbt_run' AIRFLOW_CTX_EXECUTION_DATE='2026-05-22T00:00:00+00:00' AIRFLOW_CTX_TRY_NUMBER='2' AIRFLOW_CTX_DAG_RUN_ID='scheduled__2026-05-22T00:00:00+00:00'
[2026-05-24T08:40:15.667+0000] {taskinstance.py:430} INFO - ::endgroup::
[2026-05-24T08:40:15.705+0000] {subprocess.py:63} INFO - Tmp dir root location: /tmp
[2026-05-24T08:40:15.708+0000] {subprocess.py:75} INFO - Running command: ['/usr/bin/bash', '-c', 'cd /opt/airflow/***_dbt && dbt run --profiles-dir /opt/airflow/***_dbt']
[2026-05-24T08:40:15.727+0000] {subprocess.py:86} INFO - Output:
[2026-05-24T08:40:20.761+0000] {subprocess.py:93} INFO - [0m08:40:20  Running with dbt=1.8.3
[2026-05-24T08:40:21.415+0000] {subprocess.py:93} INFO - [0m08:40:21  Registered adapter: postgres=1.8.2
[2026-05-24T08:40:22.985+0000] {subprocess.py:93} INFO - [0m08:40:22  Found 3 models, 10 data tests, 428 macros
[2026-05-24T08:40:22.994+0000] {subprocess.py:93} INFO - [0m08:40:22
[2026-05-24T08:40:23.325+0000] {subprocess.py:93} INFO - [0m08:40:23  Concurrency: 1 threads (target='dev')
[2026-05-24T08:40:23.327+0000] {subprocess.py:93} INFO - [0m08:40:23
[2026-05-24T08:40:23.351+0000] {subprocess.py:93} INFO - [0m08:40:23  1 of 3 START sql view model public.bronze_orders ............................... [RUN]
[2026-05-24T08:40:23.686+0000] {subprocess.py:93} INFO - [0m08:40:23  1 of 3 OK created sql view model public.bronze_orders .......................... [[32mCREATE VIEW[0m in 0.33s]
[2026-05-24T08:40:23.696+0000] {subprocess.py:93} INFO - [0m08:40:23  2 of 3 START sql view model public.silver_orders ............................... [RUN]
[2026-05-24T08:40:23.885+0000] {subprocess.py:93} INFO - [0m08:40:23  2 of 3 OK created sql view model public.silver_orders .......................... [[32mCREATE VIEW[0m in 0.18s]
[2026-05-24T08:40:23.894+0000] {subprocess.py:93} INFO - [0m08:40:23  3 of 3 START sql table model public.gold_orders_summary ........................ [RUN]
[2026-05-24T08:40:25.109+0000] {subprocess.py:93} INFO - [0m08:40:25  3 of 3 OK created sql table model public.gold_orders_summary ................... [[32mSELECT 98816[0m in 1.21s]
[2026-05-24T08:40:25.161+0000] {subprocess.py:93} INFO - [0m08:40:25
[2026-05-24T08:40:25.164+0000] {subprocess.py:93} INFO - [0m08:40:25  Finished running 2 view models, 1 table model in 0 hours 0 minutes and 2.16 seconds (2.16s).
[2026-05-24T08:40:25.290+0000] {subprocess.py:93} INFO - [0m08:40:25
[2026-05-24T08:40:25.293+0000] {subprocess.py:93} INFO - [0m08:40:25  [32mCompleted successfully[0m
[2026-05-24T08:40:25.295+0000] {subprocess.py:93} INFO - [0m08:40:25
[2026-05-24T08:40:25.297+0000] {subprocess.py:93} INFO - [0m08:40:25  Done. PASS=3 WARN=0 ERROR=0 SKIP=0 TOTAL=3
[2026-05-24T08:40:27.429+0000] {subprocess.py:97} INFO - Command exited with return code 0
[2026-05-24T08:40:27.430+0000] {taskinstance.py:441} INFO - ::group::Post task execution logs
[2026-05-24T08:40:27.476+0000] {taskinstance.py:1206} INFO - Marking task as SUCCESS. dag_id=***_dbt_pipeline, task_id=dbt_run, run_id=scheduled__2026-05-22T00:00:00+00:00, execution_date=20260522T000000, start_date=20260524T084015, end_date=20260524T084027
[2026-05-24T08:40:27.522+0000] {local_task_job_runner.py:240} INFO - Task exited with return code 0
[2026-05-24T08:40:27.558+0000] {taskinstance.py:3498} INFO - 1 downstream tasks scheduled from follow-on schedule check
[2026-05-24T08:40:27.561+0000] {local_task_job_runner.py:222} INFO - ::endgroup::
