[2026-05-24T08:35:00.349+0000] {local_task_job_runner.py:120} INFO - ::group::Pre task execution logs
[2026-05-24T08:35:00.412+0000] {taskinstance.py:2076} INFO - Dependencies all met for dep_context=non-requeueable deps ti=<TaskInstance: medallion_dbt_pipeline.dbt_run scheduled__2026-05-22T00:00:00+00:00 [queued]>
[2026-05-24T08:35:00.427+0000] {taskinstance.py:2076} INFO - Dependencies all met for dep_context=requeueable deps ti=<TaskInstance: medallion_dbt_pipeline.dbt_run scheduled__2026-05-22T00:00:00+00:00 [queued]>
[2026-05-24T08:35:00.428+0000] {taskinstance.py:2306} INFO - Starting attempt 1 of 2
[2026-05-24T08:35:00.457+0000] {taskinstance.py:2330} INFO - Executing <Task(BashOperator): dbt_run> on 2026-05-22 00:00:00+00:00
[2026-05-24T08:35:00.468+0000] {standard_task_runner.py:90} INFO - Running: ['airflow', 'tasks', 'run', '***_dbt_pipeline', 'dbt_run', 'scheduled__2026-05-22T00:00:00+00:00', '--job-id', '33', '--raw', '--subdir', 'DAGS_FOLDER/***_dbt_dag.py', '--cfg-path', '/tmp/tmpelnco3fa']
[2026-05-24T08:35:00.473+0000] {standard_task_runner.py:91} INFO - Job 33: Subtask dbt_run
[2026-05-24T08:35:00.478+0000] {logging_mixin.py:188} WARNING - /home/airflow/.local/lib/python3.12/site-packages/airflow/task/task_runner/standard_task_runner.py:61 DeprecationWarning: This process (pid=260) is multi-threaded, use of fork() may lead to deadlocks in the child.
[2026-05-24T08:35:00.479+0000] {standard_task_runner.py:63} INFO - Started process 267 to run task
[2026-05-24T08:35:00.577+0000] {task_command.py:426} INFO - Running <TaskInstance: medallion_dbt_pipeline.dbt_run scheduled__2026-05-22T00:00:00+00:00 [running]> on host 506412aae02e
[2026-05-24T08:35:00.769+0000] {taskinstance.py:2648} INFO - Exporting env vars: AIRFLOW_CTX_DAG_OWNER='***' AIRFLOW_CTX_DAG_ID='***_dbt_pipeline' AIRFLOW_CTX_TASK_ID='dbt_run' AIRFLOW_CTX_EXECUTION_DATE='2026-05-22T00:00:00+00:00' AIRFLOW_CTX_TRY_NUMBER='1' AIRFLOW_CTX_DAG_RUN_ID='scheduled__2026-05-22T00:00:00+00:00'
[2026-05-24T08:35:00.771+0000] {taskinstance.py:430} INFO - ::endgroup::
[2026-05-24T08:35:00.810+0000] {subprocess.py:63} INFO - Tmp dir root location: /tmp
[2026-05-24T08:35:00.812+0000] {subprocess.py:75} INFO - Running command: ['/usr/bin/bash', '-c', 'cd /opt/airflow/***_dbt && dbt run --profiles-dir /opt/airflow/***_dbt']
[2026-05-24T08:35:00.829+0000] {subprocess.py:86} INFO - Output:
[2026-05-24T08:35:06.855+0000] {subprocess.py:93} INFO - [0m08:35:06  Running with dbt=1.8.3
[2026-05-24T08:35:07.580+0000] {subprocess.py:93} INFO - [0m08:35:07  Registered adapter: postgres=1.8.2
[2026-05-24T08:35:09.409+0000] {subprocess.py:93} INFO - [0m08:35:09  Found 3 models, 10 data tests, 428 macros
[2026-05-24T08:35:09.420+0000] {subprocess.py:93} INFO - [0m08:35:09
[2026-05-24T08:35:09.838+0000] {subprocess.py:93} INFO - [0m08:35:09  Concurrency: 1 threads (target='dev')
[2026-05-24T08:35:09.840+0000] {subprocess.py:93} INFO - [0m08:35:09
[2026-05-24T08:35:09.867+0000] {subprocess.py:93} INFO - [0m08:35:09  1 of 3 START sql view model public.bronze_orders ............................... [RUN]
[2026-05-24T08:35:10.224+0000] {subprocess.py:93} INFO - [0m08:35:10  1 of 3 ERROR creating sql view model public.bronze_orders ...................... [[31mERROR[0m in 0.35s]
[2026-05-24T08:35:10.238+0000] {subprocess.py:93} INFO - [0m08:35:10  2 of 3 SKIP relation public.silver_orders ...................................... [[33mSKIP[0m]
[2026-05-24T08:35:10.248+0000] {subprocess.py:93} INFO - [0m08:35:10  3 of 3 SKIP relation public.gold_orders_summary ................................ [[33mSKIP[0m]
[2026-05-24T08:35:10.300+0000] {subprocess.py:93} INFO - [0m08:35:10
[2026-05-24T08:35:10.303+0000] {subprocess.py:93} INFO - [0m08:35:10  Finished running 2 view models, 1 table model in 0 hours 0 minutes and 0.88 seconds (0.88s).
[2026-05-24T08:35:10.434+0000] {subprocess.py:93} INFO - [0m08:35:10
[2026-05-24T08:35:10.437+0000] {subprocess.py:93} INFO - [0m08:35:10  [31mCompleted with 1 error and 0 warnings:[0m
[2026-05-24T08:35:10.440+0000] {subprocess.py:93} INFO - [0m08:35:10
[2026-05-24T08:35:10.443+0000] {subprocess.py:93} INFO - [0m08:35:10    Database Error in model bronze_orders (models/bronze/bronze_orders.sql)
[2026-05-24T08:35:10.444+0000] {subprocess.py:93} INFO -   relation "bronze_orders__dbt_backup" already exists
[2026-05-24T08:35:10.445+0000] {subprocess.py:93} INFO -   compiled code at target/run/***_dbt/models/bronze/bronze_orders.sql
[2026-05-24T08:35:10.446+0000] {subprocess.py:93} INFO - [0m08:35:10
[2026-05-24T08:35:10.449+0000] {subprocess.py:93} INFO - [0m08:35:10  Done. PASS=0 WARN=0 ERROR=1 SKIP=2 TOTAL=3
[2026-05-24T08:35:13.649+0000] {subprocess.py:97} INFO - Command exited with return code 1
[2026-05-24T08:35:13.652+0000] {taskinstance.py:441} INFO - ::group::Post task execution logs
[2026-05-24T08:35:13.684+0000] {taskinstance.py:2905} ERROR - Task failed with exception
Traceback (most recent call last):
  File "/home/airflow/.local/lib/python3.12/site-packages/airflow/models/taskinstance.py", line 465, in _execute_task
    result = _execute_callable(context=context, **execute_callable_kwargs)
             ^^^^^^^^^^^^^^^^^^^^^^^^^^^^^^^^^^^^^^^^^^^^^^^^^^^^^^^^^^^^^
  File "/home/airflow/.local/lib/python3.12/site-packages/airflow/models/taskinstance.py", line 432, in _execute_callable
    return execute_callable(context=context, **execute_callable_kwargs)
           ^^^^^^^^^^^^^^^^^^^^^^^^^^^^^^^^^^^^^^^^^^^^^^^^^^^^^^^^^^^^
  File "/home/airflow/.local/lib/python3.12/site-packages/airflow/models/baseoperator.py", line 400, in wrapper
    return func(self, *args, **kwargs)
           ^^^^^^^^^^^^^^^^^^^^^^^^^^^
  File "/home/airflow/.local/lib/python3.12/site-packages/airflow/operators/bash.py", line 243, in execute
    raise AirflowException(
airflow.exceptions.AirflowException: Bash command failed. The command returned a non-zero exit code 1.
[2026-05-24T08:35:13.696+0000] {taskinstance.py:1206} INFO - Marking task as UP_FOR_RETRY. dag_id=***_dbt_pipeline, task_id=dbt_run, run_id=scheduled__2026-05-22T00:00:00+00:00, execution_date=20260522T000000, start_date=20260524T083500, end_date=20260524T083513
[2026-05-24T08:35:13.728+0000] {standard_task_runner.py:110} ERROR - Failed to execute job 33 for task dbt_run (Bash command failed. The command returned a non-zero exit code 1.; 267)
[2026-05-24T08:35:13.776+0000] {local_task_job_runner.py:240} INFO - Task exited with return code 1
[2026-05-24T08:35:13.826+0000] {taskinstance.py:3498} INFO - 0 downstream tasks scheduled from follow-on schedule check
[2026-05-24T08:35:13.829+0000] {local_task_job_runner.py:222} INFO - ::endgroup::
