[2026-05-22T13:33:05.830+0000] {local_task_job_runner.py:120} INFO - ::group::Pre task execution logs
[2026-05-22T13:33:05.891+0000] {taskinstance.py:2076} INFO - Dependencies all met for dep_context=non-requeueable deps ti=<TaskInstance: medallion_dbt_pipeline.dbt_run scheduled__2026-05-21T00:00:00+00:00 [queued]>
[2026-05-22T13:33:05.905+0000] {taskinstance.py:2076} INFO - Dependencies all met for dep_context=requeueable deps ti=<TaskInstance: medallion_dbt_pipeline.dbt_run scheduled__2026-05-21T00:00:00+00:00 [queued]>
[2026-05-22T13:33:05.906+0000] {taskinstance.py:2306} INFO - Starting attempt 2 of 2
[2026-05-22T13:33:05.930+0000] {taskinstance.py:2330} INFO - Executing <Task(BashOperator): dbt_run> on 2026-05-21 00:00:00+00:00
[2026-05-22T13:33:05.944+0000] {standard_task_runner.py:90} INFO - Running: ['airflow', 'tasks', 'run', '***_dbt_pipeline', 'dbt_run', 'scheduled__2026-05-21T00:00:00+00:00', '--job-id', '20', '--raw', '--subdir', 'DAGS_FOLDER/***_dbt_dag.py', '--cfg-path', '/tmp/tmprruh7bpm']
[2026-05-22T13:33:05.949+0000] {standard_task_runner.py:91} INFO - Job 20: Subtask dbt_run
[2026-05-22T13:33:05.950+0000] {logging_mixin.py:188} WARNING - /home/airflow/.local/lib/python3.12/site-packages/airflow/task/task_runner/standard_task_runner.py:61 DeprecationWarning: This process (pid=358) is multi-threaded, use of fork() may lead to deadlocks in the child.
[2026-05-22T13:33:05.951+0000] {standard_task_runner.py:63} INFO - Started process 359 to run task
[2026-05-22T13:33:06.045+0000] {task_command.py:426} INFO - Running <TaskInstance: medallion_dbt_pipeline.dbt_run scheduled__2026-05-21T00:00:00+00:00 [running]> on host 506412aae02e
[2026-05-22T13:33:06.218+0000] {taskinstance.py:2648} INFO - Exporting env vars: AIRFLOW_CTX_DAG_OWNER='***' AIRFLOW_CTX_DAG_ID='***_dbt_pipeline' AIRFLOW_CTX_TASK_ID='dbt_run' AIRFLOW_CTX_EXECUTION_DATE='2026-05-21T00:00:00+00:00' AIRFLOW_CTX_TRY_NUMBER='2' AIRFLOW_CTX_DAG_RUN_ID='scheduled__2026-05-21T00:00:00+00:00'
[2026-05-22T13:33:06.220+0000] {taskinstance.py:430} INFO - ::endgroup::
[2026-05-22T13:33:06.248+0000] {subprocess.py:63} INFO - Tmp dir root location: /tmp
[2026-05-22T13:33:06.250+0000] {subprocess.py:75} INFO - Running command: ['/usr/bin/bash', '-c', 'cd /opt/airflow/***_dbt && dbt run --profiles-dir /opt/airflow/***_dbt']
[2026-05-22T13:33:06.266+0000] {subprocess.py:86} INFO - Output:
[2026-05-22T13:33:10.701+0000] {subprocess.py:93} INFO - [0m13:33:10  Running with dbt=1.8.3
[2026-05-22T13:33:11.278+0000] {subprocess.py:93} INFO - [0m13:33:11  Registered adapter: postgres=1.8.2
[2026-05-22T13:33:12.637+0000] {subprocess.py:93} INFO - [0m13:33:12  Found 3 models, 10 data tests, 428 macros
[2026-05-22T13:33:12.645+0000] {subprocess.py:93} INFO - [0m13:33:12
[2026-05-22T13:33:12.961+0000] {subprocess.py:93} INFO - [0m13:33:12  Concurrency: 1 threads (target='dev')
[2026-05-22T13:33:12.963+0000] {subprocess.py:93} INFO - [0m13:33:12
[2026-05-22T13:33:12.988+0000] {subprocess.py:93} INFO - [0m13:33:12  1 of 3 START sql view model public.bronze_orders ............................... [RUN]
[2026-05-22T13:33:13.298+0000] {subprocess.py:93} INFO - [0m13:33:13  1 of 3 OK created sql view model public.bronze_orders .......................... [[32mCREATE VIEW[0m in 0.30s]
[2026-05-22T13:33:13.307+0000] {subprocess.py:93} INFO - [0m13:33:13  2 of 3 START sql view model public.silver_orders ............................... [RUN]
[2026-05-22T13:33:13.445+0000] {subprocess.py:93} INFO - [0m13:33:13  2 of 3 OK created sql view model public.silver_orders .......................... [[32mCREATE VIEW[0m in 0.13s]
[2026-05-22T13:33:13.454+0000] {subprocess.py:93} INFO - [0m13:33:13  3 of 3 START sql table model public.gold_orders_summary ........................ [RUN]
[2026-05-22T13:33:13.668+0000] {subprocess.py:93} INFO - [0m13:33:13  3 of 3 OK created sql table model public.gold_orders_summary ................... [[32mSELECT 3[0m in 0.21s]
[2026-05-22T13:33:13.709+0000] {subprocess.py:93} INFO - [0m13:33:13
[2026-05-22T13:33:13.711+0000] {subprocess.py:93} INFO - [0m13:33:13  Finished running 2 view models, 1 table model in 0 hours 0 minutes and 1.06 seconds (1.06s).
[2026-05-22T13:33:13.819+0000] {subprocess.py:93} INFO - [0m13:33:13
[2026-05-22T13:33:13.821+0000] {subprocess.py:93} INFO - [0m13:33:13  [32mCompleted successfully[0m
[2026-05-22T13:33:13.824+0000] {subprocess.py:93} INFO - [0m13:33:13
[2026-05-22T13:33:13.827+0000] {subprocess.py:93} INFO - [0m13:33:13  Done. PASS=3 WARN=0 ERROR=0 SKIP=0 TOTAL=3
[2026-05-22T13:33:15.574+0000] {subprocess.py:97} INFO - Command exited with return code 0
[2026-05-22T13:33:15.575+0000] {taskinstance.py:441} INFO - ::group::Post task execution logs
[2026-05-22T13:33:15.618+0000] {taskinstance.py:1206} INFO - Marking task as SUCCESS. dag_id=***_dbt_pipeline, task_id=dbt_run, run_id=scheduled__2026-05-21T00:00:00+00:00, execution_date=20260521T000000, start_date=20260522T133305, end_date=20260522T133315
[2026-05-22T13:33:15.664+0000] {local_task_job_runner.py:240} INFO - Task exited with return code 0
[2026-05-22T13:33:15.703+0000] {taskinstance.py:3498} INFO - 1 downstream tasks scheduled from follow-on schedule check
[2026-05-22T13:33:15.706+0000] {local_task_job_runner.py:222} INFO - ::endgroup::
