[2026-05-22T13:27:53.574+0000] {local_task_job_runner.py:120} INFO - ::group::Pre task execution logs
[2026-05-22T13:27:53.637+0000] {taskinstance.py:2076} INFO - Dependencies all met for dep_context=non-requeueable deps ti=<TaskInstance: medallion_dbt_pipeline.dbt_run scheduled__2026-05-21T00:00:00+00:00 [queued]>
[2026-05-22T13:27:53.653+0000] {taskinstance.py:2076} INFO - Dependencies all met for dep_context=requeueable deps ti=<TaskInstance: medallion_dbt_pipeline.dbt_run scheduled__2026-05-21T00:00:00+00:00 [queued]>
[2026-05-22T13:27:53.654+0000] {taskinstance.py:2306} INFO - Starting attempt 1 of 2
[2026-05-22T13:27:53.682+0000] {taskinstance.py:2330} INFO - Executing <Task(BashOperator): dbt_run> on 2026-05-21 00:00:00+00:00
[2026-05-22T13:27:53.694+0000] {standard_task_runner.py:90} INFO - Running: ['airflow', 'tasks', 'run', '***_dbt_pipeline', 'dbt_run', 'scheduled__2026-05-21T00:00:00+00:00', '--job-id', '18', '--raw', '--subdir', 'DAGS_FOLDER/***_dbt_dag.py', '--cfg-path', '/tmp/tmpon9rxezn']
[2026-05-22T13:27:53.700+0000] {standard_task_runner.py:91} INFO - Job 18: Subtask dbt_run
[2026-05-22T13:27:53.703+0000] {logging_mixin.py:188} WARNING - /home/airflow/.local/lib/python3.12/site-packages/airflow/task/task_runner/standard_task_runner.py:61 DeprecationWarning: This process (pid=243) is multi-threaded, use of fork() may lead to deadlocks in the child.
[2026-05-22T13:27:53.704+0000] {standard_task_runner.py:63} INFO - Started process 247 to run task
[2026-05-22T13:27:53.804+0000] {task_command.py:426} INFO - Running <TaskInstance: medallion_dbt_pipeline.dbt_run scheduled__2026-05-21T00:00:00+00:00 [running]> on host 506412aae02e
[2026-05-22T13:27:53.974+0000] {taskinstance.py:2648} INFO - Exporting env vars: AIRFLOW_CTX_DAG_OWNER='***' AIRFLOW_CTX_DAG_ID='***_dbt_pipeline' AIRFLOW_CTX_TASK_ID='dbt_run' AIRFLOW_CTX_EXECUTION_DATE='2026-05-21T00:00:00+00:00' AIRFLOW_CTX_TRY_NUMBER='1' AIRFLOW_CTX_DAG_RUN_ID='scheduled__2026-05-21T00:00:00+00:00'
[2026-05-22T13:27:53.975+0000] {taskinstance.py:430} INFO - ::endgroup::
[2026-05-22T13:27:54.005+0000] {subprocess.py:63} INFO - Tmp dir root location: /tmp
[2026-05-22T13:27:54.007+0000] {subprocess.py:75} INFO - Running command: ['/usr/bin/bash', '-c', 'cd /opt/airflow/***_dbt && dbt run --profiles-dir /opt/airflow/***_dbt']
[2026-05-22T13:27:54.022+0000] {subprocess.py:86} INFO - Output:
[2026-05-22T13:27:59.272+0000] {subprocess.py:93} INFO - [0m13:27:59  Running with dbt=1.8.3
[2026-05-22T13:27:59.940+0000] {subprocess.py:93} INFO - [0m13:27:59  Registered adapter: postgres=1.8.2
[2026-05-22T13:28:01.675+0000] {subprocess.py:93} INFO - [0m13:28:01  Found 3 models, 10 data tests, 428 macros
[2026-05-22T13:28:01.687+0000] {subprocess.py:93} INFO - [0m13:28:01
[2026-05-22T13:28:02.146+0000] {subprocess.py:93} INFO - [0m13:28:02  Concurrency: 1 threads (target='dev')
[2026-05-22T13:28:02.149+0000] {subprocess.py:93} INFO - [0m13:28:02
[2026-05-22T13:28:02.178+0000] {subprocess.py:93} INFO - [0m13:28:02  1 of 3 START sql view model public.bronze_orders ............................... [RUN]
[2026-05-22T13:28:02.567+0000] {subprocess.py:93} INFO - [0m13:28:02  1 of 3 ERROR creating sql view model public.bronze_orders ...................... [[31mERROR[0m in 0.38s]
[2026-05-22T13:28:02.579+0000] {subprocess.py:93} INFO - [0m13:28:02  2 of 3 SKIP relation public.silver_orders ...................................... [[33mSKIP[0m]
[2026-05-22T13:28:02.588+0000] {subprocess.py:93} INFO - [0m13:28:02  3 of 3 SKIP relation public.gold_orders_summary ................................ [[33mSKIP[0m]
[2026-05-22T13:28:02.639+0000] {subprocess.py:93} INFO - [0m13:28:02
[2026-05-22T13:28:02.642+0000] {subprocess.py:93} INFO - [0m13:28:02  Finished running 2 view models, 1 table model in 0 hours 0 minutes and 0.95 seconds (0.95s).
[2026-05-22T13:28:02.768+0000] {subprocess.py:93} INFO - [0m13:28:02
[2026-05-22T13:28:02.771+0000] {subprocess.py:93} INFO - [0m13:28:02  [31mCompleted with 1 error and 0 warnings:[0m
[2026-05-22T13:28:02.773+0000] {subprocess.py:93} INFO - [0m13:28:02
[2026-05-22T13:28:02.776+0000] {subprocess.py:93} INFO - [0m13:28:02    Database Error in model bronze_orders (models/bronze/bronze_orders.sql)
[2026-05-22T13:28:02.777+0000] {subprocess.py:93} INFO -   relation "bronze_orders__dbt_backup" already exists
[2026-05-22T13:28:02.778+0000] {subprocess.py:93} INFO -   compiled code at target/run/***_dbt/models/bronze/bronze_orders.sql
[2026-05-22T13:28:02.779+0000] {subprocess.py:93} INFO - [0m13:28:02
[2026-05-22T13:28:02.781+0000] {subprocess.py:93} INFO - [0m13:28:02  Done. PASS=0 WARN=0 ERROR=1 SKIP=2 TOTAL=3
[2026-05-22T13:28:04.455+0000] {subprocess.py:97} INFO - Command exited with return code 1
[2026-05-22T13:28:04.456+0000] {taskinstance.py:441} INFO - ::group::Post task execution logs
[2026-05-22T13:28:04.476+0000] {taskinstance.py:2905} ERROR - Task failed with exception
Traceback (most recent call last):
  File "/home/airflow/.local/lib/python3.12/site-packages/airflow/models/taskinstance.py", line 465, in _execute_task
    result = _execute_callable(context=context, **execute_callable_kwargs)
             ^^^^^^^^^^^^^^^^^^^^^^^^^^^^^^^^^^^^^^^^^^^^^^^^^^^^^^^^^^^^^
  File "/home/airflow/.local/lib/python3.12/site-packages/airflow/models/taskinstance.py", line 432, in _execute_callable
    return execute_callable(context=context, **execute_callable_kwargs)
           ^^^^^^^^^^^^^^^^^^^^^^^^^^^^^^^^^^^^^^^^^^^^^^^^^^^^^^^^^^^^
  File "/home/airflow/.local/lib/python3.12/site-packages/airflow/models/baseoperator.py", line 400, in wrapper
    return func(self, *args, **kwargs)
           ^^^^^^^^^^^^^^^^^^^^^^^^^^^
  File "/home/airflow/.local/lib/python3.12/site-packages/airflow/operators/bash.py", line 243, in execute
    raise AirflowException(
airflow.exceptions.AirflowException: Bash command failed. The command returned a non-zero exit code 1.
[2026-05-22T13:28:04.486+0000] {taskinstance.py:1206} INFO - Marking task as UP_FOR_RETRY. dag_id=***_dbt_pipeline, task_id=dbt_run, run_id=scheduled__2026-05-21T00:00:00+00:00, execution_date=20260521T000000, start_date=20260522T132753, end_date=20260522T132804
[2026-05-22T13:28:04.512+0000] {standard_task_runner.py:110} ERROR - Failed to execute job 18 for task dbt_run (Bash command failed. The command returned a non-zero exit code 1.; 247)
[2026-05-22T13:28:04.530+0000] {local_task_job_runner.py:240} INFO - Task exited with return code 1
[2026-05-22T13:28:04.583+0000] {taskinstance.py:3498} INFO - 0 downstream tasks scheduled from follow-on schedule check
[2026-05-22T13:28:04.587+0000] {local_task_job_runner.py:222} INFO - ::endgroup::
