[2026-05-22T16:24:22.677+0000] {local_task_job_runner.py:120} INFO - ::group::Pre task execution logs
[2026-05-22T16:24:22.753+0000] {taskinstance.py:2076} INFO - Dependencies all met for dep_context=non-requeueable deps ti=<TaskInstance: medallion_dbt_pipeline.dbt_run manual__2026-05-22T16:24:21.271722+00:00 [queued]>
[2026-05-22T16:24:22.771+0000] {taskinstance.py:2076} INFO - Dependencies all met for dep_context=requeueable deps ti=<TaskInstance: medallion_dbt_pipeline.dbt_run manual__2026-05-22T16:24:21.271722+00:00 [queued]>
[2026-05-22T16:24:22.772+0000] {taskinstance.py:2306} INFO - Starting attempt 1 of 2
[2026-05-22T16:24:22.802+0000] {taskinstance.py:2330} INFO - Executing <Task(BashOperator): dbt_run> on 2026-05-22 16:24:21.271722+00:00
[2026-05-22T16:24:22.815+0000] {standard_task_runner.py:90} INFO - Running: ['airflow', 'tasks', 'run', '***_dbt_pipeline', 'dbt_run', 'manual__2026-05-22T16:24:21.271722+00:00', '--job-id', '25', '--raw', '--subdir', 'DAGS_FOLDER/***_dbt_dag.py', '--cfg-path', '/tmp/tmplnjpp8jv']
[2026-05-22T16:24:22.821+0000] {standard_task_runner.py:91} INFO - Job 25: Subtask dbt_run
[2026-05-22T16:24:22.826+0000] {logging_mixin.py:188} WARNING - /home/airflow/.local/lib/python3.12/site-packages/airflow/task/task_runner/standard_task_runner.py:61 DeprecationWarning: This process (pid=2101) is multi-threaded, use of fork() may lead to deadlocks in the child.
[2026-05-22T16:24:22.828+0000] {standard_task_runner.py:63} INFO - Started process 2102 to run task
[2026-05-22T16:24:22.937+0000] {task_command.py:426} INFO - Running <TaskInstance: medallion_dbt_pipeline.dbt_run manual__2026-05-22T16:24:21.271722+00:00 [running]> on host 506412aae02e
[2026-05-22T16:24:23.158+0000] {taskinstance.py:2648} INFO - Exporting env vars: AIRFLOW_CTX_DAG_OWNER='***' AIRFLOW_CTX_DAG_ID='***_dbt_pipeline' AIRFLOW_CTX_TASK_ID='dbt_run' AIRFLOW_CTX_EXECUTION_DATE='2026-05-22T16:24:21.271722+00:00' AIRFLOW_CTX_TRY_NUMBER='1' AIRFLOW_CTX_DAG_RUN_ID='manual__2026-05-22T16:24:21.271722+00:00'
[2026-05-22T16:24:23.160+0000] {taskinstance.py:430} INFO - ::endgroup::
[2026-05-22T16:24:23.198+0000] {subprocess.py:63} INFO - Tmp dir root location: /tmp
[2026-05-22T16:24:23.201+0000] {subprocess.py:75} INFO - Running command: ['/usr/bin/bash', '-c', 'cd /opt/airflow/***_dbt && dbt run --profiles-dir /opt/airflow/***_dbt']
[2026-05-22T16:24:23.220+0000] {subprocess.py:86} INFO - Output:
[2026-05-22T16:24:28.328+0000] {subprocess.py:93} INFO - [0m16:24:28  Running with dbt=1.8.3
[2026-05-22T16:24:29.012+0000] {subprocess.py:93} INFO - [0m16:24:29  Registered adapter: postgres=1.8.2
[2026-05-22T16:24:31.679+0000] {subprocess.py:93} INFO - [0m16:24:31  Found 3 models, 10 data tests, 428 macros
[2026-05-22T16:24:31.689+0000] {subprocess.py:93} INFO - [0m16:24:31
[2026-05-22T16:24:32.023+0000] {subprocess.py:93} INFO - [0m16:24:32  Concurrency: 1 threads (target='dev')
[2026-05-22T16:24:32.026+0000] {subprocess.py:93} INFO - [0m16:24:32
[2026-05-22T16:24:32.052+0000] {subprocess.py:93} INFO - [0m16:24:32  1 of 3 START sql view model public.bronze_orders ............................... [RUN]
[2026-05-22T16:24:32.426+0000] {subprocess.py:93} INFO - [0m16:24:32  1 of 3 OK created sql view model public.bronze_orders .......................... [[32mCREATE VIEW[0m in 0.37s]
[2026-05-22T16:24:32.435+0000] {subprocess.py:93} INFO - [0m16:24:32  2 of 3 START sql view model public.silver_orders ............................... [RUN]
[2026-05-22T16:24:32.594+0000] {subprocess.py:93} INFO - [0m16:24:32  2 of 3 OK created sql view model public.silver_orders .......................... [[32mCREATE VIEW[0m in 0.15s]
[2026-05-22T16:24:32.604+0000] {subprocess.py:93} INFO - [0m16:24:32  3 of 3 START sql table model public.gold_orders_summary ........................ [RUN]
[2026-05-22T16:24:34.056+0000] {subprocess.py:93} INFO - [0m16:24:34  3 of 3 OK created sql table model public.gold_orders_summary ................... [[32mSELECT 98816[0m in 1.45s]
[2026-05-22T16:24:34.097+0000] {subprocess.py:93} INFO - [0m16:24:34
[2026-05-22T16:24:34.100+0000] {subprocess.py:93} INFO - [0m16:24:34  Finished running 2 view models, 1 table model in 0 hours 0 minutes and 2.41 seconds (2.41s).
[2026-05-22T16:24:34.218+0000] {subprocess.py:93} INFO - [0m16:24:34
[2026-05-22T16:24:34.220+0000] {subprocess.py:93} INFO - [0m16:24:34  [32mCompleted successfully[0m
[2026-05-22T16:24:34.223+0000] {subprocess.py:93} INFO - [0m16:24:34
[2026-05-22T16:24:34.225+0000] {subprocess.py:93} INFO - [0m16:24:34  Done. PASS=3 WARN=0 ERROR=0 SKIP=0 TOTAL=3
[2026-05-22T16:24:35.957+0000] {subprocess.py:97} INFO - Command exited with return code 0
[2026-05-22T16:24:35.958+0000] {taskinstance.py:441} INFO - ::group::Post task execution logs
[2026-05-22T16:24:36.009+0000] {taskinstance.py:1206} INFO - Marking task as SUCCESS. dag_id=***_dbt_pipeline, task_id=dbt_run, run_id=manual__2026-05-22T16:24:21.271722+00:00, execution_date=20260522T162421, start_date=20260522T162422, end_date=20260522T162436
[2026-05-22T16:24:36.049+0000] {local_task_job_runner.py:240} INFO - Task exited with return code 0
[2026-05-22T16:24:36.083+0000] {taskinstance.py:3498} INFO - 1 downstream tasks scheduled from follow-on schedule check
[2026-05-22T16:24:36.087+0000] {local_task_job_runner.py:222} INFO - ::endgroup::
