[2026-05-25T04:05:18.449+0000] {processor.py:161} INFO - Started process (PID=3384) to work on /opt/airflow/dags/medallion_dbt_dag.py
[2026-05-25T04:05:18.463+0000] {processor.py:830} INFO - Processing file /opt/airflow/dags/medallion_dbt_dag.py for tasks to queue
[2026-05-25T04:05:18.491+0000] {logging_mixin.py:188} INFO - [2026-05-25T04:05:18.490+0000] {dagbag.py:545} INFO - Filling up the DagBag from /opt/airflow/dags/medallion_dbt_dag.py
[2026-05-25T04:05:18.680+0000] {processor.py:840} INFO - DAG(s) 'medallion_dbt_pipeline' retrieved from /opt/airflow/dags/medallion_dbt_dag.py
[2026-05-25T04:05:18.791+0000] {logging_mixin.py:188} INFO - [2026-05-25T04:05:18.790+0000] {dag.py:3096} INFO - Sync 1 DAGs
[2026-05-25T04:05:18.922+0000] {logging_mixin.py:188} INFO - [2026-05-25T04:05:18.921+0000] {dag.py:3954} INFO - Setting next_dagrun for medallion_dbt_pipeline to 2026-05-25 00:00:00+00:00, run_after=2026-05-26 00:00:00+00:00
[2026-05-25T04:05:19.145+0000] {processor.py:183} INFO - Processing /opt/airflow/dags/medallion_dbt_dag.py took 0.704 seconds
[2026-05-25T04:05:49.876+0000] {processor.py:161} INFO - Started process (PID=3409) to work on /opt/airflow/dags/medallion_dbt_dag.py
[2026-05-25T04:05:49.877+0000] {processor.py:830} INFO - Processing file /opt/airflow/dags/medallion_dbt_dag.py for tasks to queue
[2026-05-25T04:05:49.880+0000] {logging_mixin.py:188} INFO - [2026-05-25T04:05:49.879+0000] {dagbag.py:545} INFO - Filling up the DagBag from /opt/airflow/dags/medallion_dbt_dag.py
[2026-05-25T04:05:49.902+0000] {processor.py:840} INFO - DAG(s) 'medallion_dbt_pipeline' retrieved from /opt/airflow/dags/medallion_dbt_dag.py
[2026-05-25T04:05:49.931+0000] {logging_mixin.py:188} INFO - [2026-05-25T04:05:49.931+0000] {dag.py:3096} INFO - Sync 1 DAGs
[2026-05-25T04:05:49.959+0000] {logging_mixin.py:188} INFO - [2026-05-25T04:05:49.958+0000] {dag.py:3954} INFO - Setting next_dagrun for medallion_dbt_pipeline to 2026-05-25 00:00:00+00:00, run_after=2026-05-26 00:00:00+00:00
[2026-05-25T04:05:49.981+0000] {processor.py:183} INFO - Processing /opt/airflow/dags/medallion_dbt_dag.py took 0.110 seconds
[2026-05-25T04:06:20.746+0000] {processor.py:161} INFO - Started process (PID=3414) to work on /opt/airflow/dags/medallion_dbt_dag.py
[2026-05-25T04:06:20.748+0000] {processor.py:830} INFO - Processing file /opt/airflow/dags/medallion_dbt_dag.py for tasks to queue
[2026-05-25T04:06:20.751+0000] {logging_mixin.py:188} INFO - [2026-05-25T04:06:20.750+0000] {dagbag.py:545} INFO - Filling up the DagBag from /opt/airflow/dags/medallion_dbt_dag.py
[2026-05-25T04:06:20.775+0000] {processor.py:840} INFO - DAG(s) 'medallion_dbt_pipeline' retrieved from /opt/airflow/dags/medallion_dbt_dag.py
[2026-05-25T04:06:20.809+0000] {logging_mixin.py:188} INFO - [2026-05-25T04:06:20.809+0000] {dag.py:3096} INFO - Sync 1 DAGs
[2026-05-25T04:06:20.838+0000] {logging_mixin.py:188} INFO - [2026-05-25T04:06:20.838+0000] {dag.py:3954} INFO - Setting next_dagrun for medallion_dbt_pipeline to 2026-05-25 00:00:00+00:00, run_after=2026-05-26 00:00:00+00:00
[2026-05-25T04:06:20.860+0000] {processor.py:183} INFO - Processing /opt/airflow/dags/medallion_dbt_dag.py took 0.128 seconds
[2026-05-25T04:06:51.891+0000] {processor.py:161} INFO - Started process (PID=3419) to work on /opt/airflow/dags/medallion_dbt_dag.py
[2026-05-25T04:06:51.892+0000] {processor.py:830} INFO - Processing file /opt/airflow/dags/medallion_dbt_dag.py for tasks to queue
[2026-05-25T04:06:51.895+0000] {logging_mixin.py:188} INFO - [2026-05-25T04:06:51.895+0000] {dagbag.py:545} INFO - Filling up the DagBag from /opt/airflow/dags/medallion_dbt_dag.py
[2026-05-25T04:06:51.935+0000] {processor.py:840} INFO - DAG(s) 'medallion_dbt_pipeline' retrieved from /opt/airflow/dags/medallion_dbt_dag.py
[2026-05-25T04:06:51.984+0000] {logging_mixin.py:188} INFO - [2026-05-25T04:06:51.984+0000] {dag.py:3096} INFO - Sync 1 DAGs
[2026-05-25T04:06:52.029+0000] {logging_mixin.py:188} INFO - [2026-05-25T04:06:52.028+0000] {dag.py:3954} INFO - Setting next_dagrun for medallion_dbt_pipeline to 2026-05-25 00:00:00+00:00, run_after=2026-05-26 00:00:00+00:00
[2026-05-25T04:06:52.075+0000] {processor.py:183} INFO - Processing /opt/airflow/dags/medallion_dbt_dag.py took 0.193 seconds
[2026-05-25T04:07:22.279+0000] {processor.py:161} INFO - Started process (PID=3424) to work on /opt/airflow/dags/medallion_dbt_dag.py
[2026-05-25T04:07:22.281+0000] {processor.py:830} INFO - Processing file /opt/airflow/dags/medallion_dbt_dag.py for tasks to queue
[2026-05-25T04:07:22.285+0000] {logging_mixin.py:188} INFO - [2026-05-25T04:07:22.284+0000] {dagbag.py:545} INFO - Filling up the DagBag from /opt/airflow/dags/medallion_dbt_dag.py
[2026-05-25T04:07:22.323+0000] {processor.py:840} INFO - DAG(s) 'medallion_dbt_pipeline' retrieved from /opt/airflow/dags/medallion_dbt_dag.py
[2026-05-25T04:07:22.372+0000] {logging_mixin.py:188} INFO - [2026-05-25T04:07:22.372+0000] {dag.py:3096} INFO - Sync 1 DAGs
[2026-05-25T04:07:22.415+0000] {logging_mixin.py:188} INFO - [2026-05-25T04:07:22.415+0000] {dag.py:3954} INFO - Setting next_dagrun for medallion_dbt_pipeline to 2026-05-25 00:00:00+00:00, run_after=2026-05-26 00:00:00+00:00
[2026-05-25T04:07:22.455+0000] {processor.py:183} INFO - Processing /opt/airflow/dags/medallion_dbt_dag.py took 0.186 seconds
[2026-05-25T04:07:53.136+0000] {processor.py:161} INFO - Started process (PID=3429) to work on /opt/airflow/dags/medallion_dbt_dag.py
[2026-05-25T04:07:53.137+0000] {processor.py:830} INFO - Processing file /opt/airflow/dags/medallion_dbt_dag.py for tasks to queue
[2026-05-25T04:07:53.141+0000] {logging_mixin.py:188} INFO - [2026-05-25T04:07:53.140+0000] {dagbag.py:545} INFO - Filling up the DagBag from /opt/airflow/dags/medallion_dbt_dag.py
[2026-05-25T04:07:53.180+0000] {processor.py:840} INFO - DAG(s) 'medallion_dbt_pipeline' retrieved from /opt/airflow/dags/medallion_dbt_dag.py
[2026-05-25T04:07:53.230+0000] {logging_mixin.py:188} INFO - [2026-05-25T04:07:53.230+0000] {dag.py:3096} INFO - Sync 1 DAGs
[2026-05-25T04:07:53.272+0000] {logging_mixin.py:188} INFO - [2026-05-25T04:07:53.271+0000] {dag.py:3954} INFO - Setting next_dagrun for medallion_dbt_pipeline to 2026-05-25 00:00:00+00:00, run_after=2026-05-26 00:00:00+00:00
[2026-05-25T04:07:53.310+0000] {processor.py:183} INFO - Processing /opt/airflow/dags/medallion_dbt_dag.py took 0.194 seconds
[2026-05-25T04:08:23.859+0000] {processor.py:161} INFO - Started process (PID=3434) to work on /opt/airflow/dags/medallion_dbt_dag.py
[2026-05-25T04:08:23.861+0000] {processor.py:830} INFO - Processing file /opt/airflow/dags/medallion_dbt_dag.py for tasks to queue
[2026-05-25T04:08:23.866+0000] {logging_mixin.py:188} INFO - [2026-05-25T04:08:23.866+0000] {dagbag.py:545} INFO - Filling up the DagBag from /opt/airflow/dags/medallion_dbt_dag.py
[2026-05-25T04:08:23.919+0000] {processor.py:840} INFO - DAG(s) 'medallion_dbt_pipeline' retrieved from /opt/airflow/dags/medallion_dbt_dag.py
[2026-05-25T04:08:24.016+0000] {logging_mixin.py:188} INFO - [2026-05-25T04:08:24.015+0000] {dag.py:3096} INFO - Sync 1 DAGs
[2026-05-25T04:08:24.088+0000] {logging_mixin.py:188} INFO - [2026-05-25T04:08:24.087+0000] {dag.py:3954} INFO - Setting next_dagrun for medallion_dbt_pipeline to 2026-05-25 00:00:00+00:00, run_after=2026-05-26 00:00:00+00:00
[2026-05-25T04:08:24.133+0000] {processor.py:183} INFO - Processing /opt/airflow/dags/medallion_dbt_dag.py took 0.285 seconds
[2026-05-25T04:08:54.486+0000] {processor.py:161} INFO - Started process (PID=3439) to work on /opt/airflow/dags/medallion_dbt_dag.py
[2026-05-25T04:08:54.488+0000] {processor.py:830} INFO - Processing file /opt/airflow/dags/medallion_dbt_dag.py for tasks to queue
[2026-05-25T04:08:54.494+0000] {logging_mixin.py:188} INFO - [2026-05-25T04:08:54.493+0000] {dagbag.py:545} INFO - Filling up the DagBag from /opt/airflow/dags/medallion_dbt_dag.py
[2026-05-25T04:08:54.540+0000] {processor.py:840} INFO - DAG(s) 'medallion_dbt_pipeline' retrieved from /opt/airflow/dags/medallion_dbt_dag.py
[2026-05-25T04:08:54.595+0000] {logging_mixin.py:188} INFO - [2026-05-25T04:08:54.595+0000] {dag.py:3096} INFO - Sync 1 DAGs
[2026-05-25T04:08:54.648+0000] {logging_mixin.py:188} INFO - [2026-05-25T04:08:54.648+0000] {dag.py:3954} INFO - Setting next_dagrun for medallion_dbt_pipeline to 2026-05-25 00:00:00+00:00, run_after=2026-05-26 00:00:00+00:00
[2026-05-25T04:08:54.689+0000] {processor.py:183} INFO - Processing /opt/airflow/dags/medallion_dbt_dag.py took 0.217 seconds
[2026-05-25T04:09:25.710+0000] {processor.py:161} INFO - Started process (PID=3444) to work on /opt/airflow/dags/medallion_dbt_dag.py
[2026-05-25T04:09:25.712+0000] {processor.py:830} INFO - Processing file /opt/airflow/dags/medallion_dbt_dag.py for tasks to queue
[2026-05-25T04:09:25.714+0000] {logging_mixin.py:188} INFO - [2026-05-25T04:09:25.714+0000] {dagbag.py:545} INFO - Filling up the DagBag from /opt/airflow/dags/medallion_dbt_dag.py
[2026-05-25T04:09:25.755+0000] {processor.py:840} INFO - DAG(s) 'medallion_dbt_pipeline' retrieved from /opt/airflow/dags/medallion_dbt_dag.py
[2026-05-25T04:09:25.806+0000] {logging_mixin.py:188} INFO - [2026-05-25T04:09:25.806+0000] {dag.py:3096} INFO - Sync 1 DAGs
[2026-05-25T04:09:25.850+0000] {logging_mixin.py:188} INFO - [2026-05-25T04:09:25.850+0000] {dag.py:3954} INFO - Setting next_dagrun for medallion_dbt_pipeline to 2026-05-25 00:00:00+00:00, run_after=2026-05-26 00:00:00+00:00
[2026-05-25T04:09:25.887+0000] {processor.py:183} INFO - Processing /opt/airflow/dags/medallion_dbt_dag.py took 0.188 seconds
[2026-05-25T04:09:56.784+0000] {processor.py:161} INFO - Started process (PID=3449) to work on /opt/airflow/dags/medallion_dbt_dag.py
[2026-05-25T04:09:56.787+0000] {processor.py:830} INFO - Processing file /opt/airflow/dags/medallion_dbt_dag.py for tasks to queue
[2026-05-25T04:09:56.791+0000] {logging_mixin.py:188} INFO - [2026-05-25T04:09:56.790+0000] {dagbag.py:545} INFO - Filling up the DagBag from /opt/airflow/dags/medallion_dbt_dag.py
[2026-05-25T04:09:56.839+0000] {processor.py:840} INFO - DAG(s) 'medallion_dbt_pipeline' retrieved from /opt/airflow/dags/medallion_dbt_dag.py
[2026-05-25T04:09:56.890+0000] {logging_mixin.py:188} INFO - [2026-05-25T04:09:56.889+0000] {dag.py:3096} INFO - Sync 1 DAGs
[2026-05-25T04:09:56.934+0000] {logging_mixin.py:188} INFO - [2026-05-25T04:09:56.933+0000] {dag.py:3954} INFO - Setting next_dagrun for medallion_dbt_pipeline to 2026-05-25 00:00:00+00:00, run_after=2026-05-26 00:00:00+00:00
[2026-05-25T04:09:56.969+0000] {processor.py:183} INFO - Processing /opt/airflow/dags/medallion_dbt_dag.py took 0.232 seconds
[2026-05-25T04:10:27.300+0000] {processor.py:161} INFO - Started process (PID=3454) to work on /opt/airflow/dags/medallion_dbt_dag.py
[2026-05-25T04:10:27.302+0000] {processor.py:830} INFO - Processing file /opt/airflow/dags/medallion_dbt_dag.py for tasks to queue
[2026-05-25T04:10:27.306+0000] {logging_mixin.py:188} INFO - [2026-05-25T04:10:27.305+0000] {dagbag.py:545} INFO - Filling up the DagBag from /opt/airflow/dags/medallion_dbt_dag.py
[2026-05-25T04:10:27.354+0000] {processor.py:840} INFO - DAG(s) 'medallion_dbt_pipeline' retrieved from /opt/airflow/dags/medallion_dbt_dag.py
[2026-05-25T04:10:27.408+0000] {logging_mixin.py:188} INFO - [2026-05-25T04:10:27.408+0000] {dag.py:3096} INFO - Sync 1 DAGs
[2026-05-25T04:10:27.458+0000] {logging_mixin.py:188} INFO - [2026-05-25T04:10:27.457+0000] {dag.py:3954} INFO - Setting next_dagrun for medallion_dbt_pipeline to 2026-05-25 00:00:00+00:00, run_after=2026-05-26 00:00:00+00:00
[2026-05-25T04:10:27.498+0000] {processor.py:183} INFO - Processing /opt/airflow/dags/medallion_dbt_dag.py took 0.208 seconds
[2026-05-25T04:10:57.970+0000] {processor.py:161} INFO - Started process (PID=3459) to work on /opt/airflow/dags/medallion_dbt_dag.py
[2026-05-25T04:10:57.972+0000] {processor.py:830} INFO - Processing file /opt/airflow/dags/medallion_dbt_dag.py for tasks to queue
[2026-05-25T04:10:57.975+0000] {logging_mixin.py:188} INFO - [2026-05-25T04:10:57.974+0000] {dagbag.py:545} INFO - Filling up the DagBag from /opt/airflow/dags/medallion_dbt_dag.py
[2026-05-25T04:10:58.022+0000] {processor.py:840} INFO - DAG(s) 'medallion_dbt_pipeline' retrieved from /opt/airflow/dags/medallion_dbt_dag.py
[2026-05-25T04:10:58.078+0000] {logging_mixin.py:188} INFO - [2026-05-25T04:10:58.077+0000] {dag.py:3096} INFO - Sync 1 DAGs
[2026-05-25T04:10:58.125+0000] {logging_mixin.py:188} INFO - [2026-05-25T04:10:58.124+0000] {dag.py:3954} INFO - Setting next_dagrun for medallion_dbt_pipeline to 2026-05-25 00:00:00+00:00, run_after=2026-05-26 00:00:00+00:00
[2026-05-25T04:10:58.167+0000] {processor.py:183} INFO - Processing /opt/airflow/dags/medallion_dbt_dag.py took 0.208 seconds
[2026-05-25T04:11:28.456+0000] {processor.py:161} INFO - Started process (PID=3464) to work on /opt/airflow/dags/medallion_dbt_dag.py
[2026-05-25T04:11:28.458+0000] {processor.py:830} INFO - Processing file /opt/airflow/dags/medallion_dbt_dag.py for tasks to queue
[2026-05-25T04:11:28.462+0000] {logging_mixin.py:188} INFO - [2026-05-25T04:11:28.461+0000] {dagbag.py:545} INFO - Filling up the DagBag from /opt/airflow/dags/medallion_dbt_dag.py
[2026-05-25T04:11:28.506+0000] {processor.py:840} INFO - DAG(s) 'medallion_dbt_pipeline' retrieved from /opt/airflow/dags/medallion_dbt_dag.py
[2026-05-25T04:11:28.556+0000] {logging_mixin.py:188} INFO - [2026-05-25T04:11:28.556+0000] {dag.py:3096} INFO - Sync 1 DAGs
[2026-05-25T04:11:28.603+0000] {logging_mixin.py:188} INFO - [2026-05-25T04:11:28.603+0000] {dag.py:3954} INFO - Setting next_dagrun for medallion_dbt_pipeline to 2026-05-25 00:00:00+00:00, run_after=2026-05-26 00:00:00+00:00
[2026-05-25T04:11:28.645+0000] {processor.py:183} INFO - Processing /opt/airflow/dags/medallion_dbt_dag.py took 0.199 seconds
[2026-05-25T04:11:59.258+0000] {processor.py:161} INFO - Started process (PID=3469) to work on /opt/airflow/dags/medallion_dbt_dag.py
[2026-05-25T04:11:59.260+0000] {processor.py:830} INFO - Processing file /opt/airflow/dags/medallion_dbt_dag.py for tasks to queue
[2026-05-25T04:11:59.263+0000] {logging_mixin.py:188} INFO - [2026-05-25T04:11:59.262+0000] {dagbag.py:545} INFO - Filling up the DagBag from /opt/airflow/dags/medallion_dbt_dag.py
[2026-05-25T04:11:59.308+0000] {processor.py:840} INFO - DAG(s) 'medallion_dbt_pipeline' retrieved from /opt/airflow/dags/medallion_dbt_dag.py
[2026-05-25T04:11:59.360+0000] {logging_mixin.py:188} INFO - [2026-05-25T04:11:59.359+0000] {dag.py:3096} INFO - Sync 1 DAGs
[2026-05-25T04:11:59.405+0000] {logging_mixin.py:188} INFO - [2026-05-25T04:11:59.404+0000] {dag.py:3954} INFO - Setting next_dagrun for medallion_dbt_pipeline to 2026-05-25 00:00:00+00:00, run_after=2026-05-26 00:00:00+00:00
[2026-05-25T04:11:59.440+0000] {processor.py:183} INFO - Processing /opt/airflow/dags/medallion_dbt_dag.py took 0.193 seconds
[2026-05-25T04:12:30.347+0000] {processor.py:161} INFO - Started process (PID=3474) to work on /opt/airflow/dags/medallion_dbt_dag.py
[2026-05-25T04:12:30.349+0000] {processor.py:830} INFO - Processing file /opt/airflow/dags/medallion_dbt_dag.py for tasks to queue
[2026-05-25T04:12:30.352+0000] {logging_mixin.py:188} INFO - [2026-05-25T04:12:30.352+0000] {dagbag.py:545} INFO - Filling up the DagBag from /opt/airflow/dags/medallion_dbt_dag.py
[2026-05-25T04:12:30.395+0000] {processor.py:840} INFO - DAG(s) 'medallion_dbt_pipeline' retrieved from /opt/airflow/dags/medallion_dbt_dag.py
[2026-05-25T04:12:30.451+0000] {logging_mixin.py:188} INFO - [2026-05-25T04:12:30.450+0000] {dag.py:3096} INFO - Sync 1 DAGs
[2026-05-25T04:12:30.500+0000] {logging_mixin.py:188} INFO - [2026-05-25T04:12:30.500+0000] {dag.py:3954} INFO - Setting next_dagrun for medallion_dbt_pipeline to 2026-05-25 00:00:00+00:00, run_after=2026-05-26 00:00:00+00:00
[2026-05-25T04:12:30.544+0000] {processor.py:183} INFO - Processing /opt/airflow/dags/medallion_dbt_dag.py took 0.206 seconds
[2026-05-25T04:13:00.647+0000] {processor.py:161} INFO - Started process (PID=3479) to work on /opt/airflow/dags/medallion_dbt_dag.py
[2026-05-25T04:13:00.649+0000] {processor.py:830} INFO - Processing file /opt/airflow/dags/medallion_dbt_dag.py for tasks to queue
[2026-05-25T04:13:00.651+0000] {logging_mixin.py:188} INFO - [2026-05-25T04:13:00.651+0000] {dagbag.py:545} INFO - Filling up the DagBag from /opt/airflow/dags/medallion_dbt_dag.py
[2026-05-25T04:13:00.692+0000] {processor.py:840} INFO - DAG(s) 'medallion_dbt_pipeline' retrieved from /opt/airflow/dags/medallion_dbt_dag.py
[2026-05-25T04:13:00.742+0000] {logging_mixin.py:188} INFO - [2026-05-25T04:13:00.741+0000] {dag.py:3096} INFO - Sync 1 DAGs
[2026-05-25T04:13:00.789+0000] {logging_mixin.py:188} INFO - [2026-05-25T04:13:00.789+0000] {dag.py:3954} INFO - Setting next_dagrun for medallion_dbt_pipeline to 2026-05-25 00:00:00+00:00, run_after=2026-05-26 00:00:00+00:00
[2026-05-25T04:13:00.827+0000] {processor.py:183} INFO - Processing /opt/airflow/dags/medallion_dbt_dag.py took 0.189 seconds
[2026-05-25T04:13:30.914+0000] {processor.py:161} INFO - Started process (PID=3484) to work on /opt/airflow/dags/medallion_dbt_dag.py
[2026-05-25T04:13:30.916+0000] {processor.py:830} INFO - Processing file /opt/airflow/dags/medallion_dbt_dag.py for tasks to queue
[2026-05-25T04:13:30.920+0000] {logging_mixin.py:188} INFO - [2026-05-25T04:13:30.920+0000] {dagbag.py:545} INFO - Filling up the DagBag from /opt/airflow/dags/medallion_dbt_dag.py
[2026-05-25T04:13:30.977+0000] {processor.py:840} INFO - DAG(s) 'medallion_dbt_pipeline' retrieved from /opt/airflow/dags/medallion_dbt_dag.py
[2026-05-25T04:13:31.042+0000] {logging_mixin.py:188} INFO - [2026-05-25T04:13:31.041+0000] {dag.py:3096} INFO - Sync 1 DAGs
[2026-05-25T04:13:31.087+0000] {logging_mixin.py:188} INFO - [2026-05-25T04:13:31.086+0000] {dag.py:3954} INFO - Setting next_dagrun for medallion_dbt_pipeline to 2026-05-25 00:00:00+00:00, run_after=2026-05-26 00:00:00+00:00
[2026-05-25T04:13:31.125+0000] {processor.py:183} INFO - Processing /opt/airflow/dags/medallion_dbt_dag.py took 0.221 seconds
[2026-05-25T04:14:01.463+0000] {processor.py:161} INFO - Started process (PID=3489) to work on /opt/airflow/dags/medallion_dbt_dag.py
[2026-05-25T04:14:01.465+0000] {processor.py:830} INFO - Processing file /opt/airflow/dags/medallion_dbt_dag.py for tasks to queue
[2026-05-25T04:14:01.468+0000] {logging_mixin.py:188} INFO - [2026-05-25T04:14:01.467+0000] {dagbag.py:545} INFO - Filling up the DagBag from /opt/airflow/dags/medallion_dbt_dag.py
[2026-05-25T04:14:01.527+0000] {processor.py:840} INFO - DAG(s) 'medallion_dbt_pipeline' retrieved from /opt/airflow/dags/medallion_dbt_dag.py
[2026-05-25T04:14:01.602+0000] {logging_mixin.py:188} INFO - [2026-05-25T04:14:01.601+0000] {dag.py:3096} INFO - Sync 1 DAGs
[2026-05-25T04:14:01.687+0000] {logging_mixin.py:188} INFO - [2026-05-25T04:14:01.687+0000] {dag.py:3954} INFO - Setting next_dagrun for medallion_dbt_pipeline to 2026-05-25 00:00:00+00:00, run_after=2026-05-26 00:00:00+00:00
[2026-05-25T04:14:01.730+0000] {processor.py:183} INFO - Processing /opt/airflow/dags/medallion_dbt_dag.py took 0.278 seconds
[2026-05-25T04:14:32.806+0000] {processor.py:161} INFO - Started process (PID=3494) to work on /opt/airflow/dags/medallion_dbt_dag.py
[2026-05-25T04:14:32.807+0000] {processor.py:830} INFO - Processing file /opt/airflow/dags/medallion_dbt_dag.py for tasks to queue
[2026-05-25T04:14:32.810+0000] {logging_mixin.py:188} INFO - [2026-05-25T04:14:32.810+0000] {dagbag.py:545} INFO - Filling up the DagBag from /opt/airflow/dags/medallion_dbt_dag.py
[2026-05-25T04:14:32.852+0000] {processor.py:840} INFO - DAG(s) 'medallion_dbt_pipeline' retrieved from /opt/airflow/dags/medallion_dbt_dag.py
[2026-05-25T04:14:32.902+0000] {logging_mixin.py:188} INFO - [2026-05-25T04:14:32.902+0000] {dag.py:3096} INFO - Sync 1 DAGs
[2026-05-25T04:14:32.946+0000] {logging_mixin.py:188} INFO - [2026-05-25T04:14:32.945+0000] {dag.py:3954} INFO - Setting next_dagrun for medallion_dbt_pipeline to 2026-05-25 00:00:00+00:00, run_after=2026-05-26 00:00:00+00:00
[2026-05-25T04:14:32.982+0000] {processor.py:183} INFO - Processing /opt/airflow/dags/medallion_dbt_dag.py took 0.196 seconds
[2026-05-25T04:15:03.180+0000] {processor.py:161} INFO - Started process (PID=3499) to work on /opt/airflow/dags/medallion_dbt_dag.py
[2026-05-25T04:15:03.182+0000] {processor.py:830} INFO - Processing file /opt/airflow/dags/medallion_dbt_dag.py for tasks to queue
[2026-05-25T04:15:03.186+0000] {logging_mixin.py:188} INFO - [2026-05-25T04:15:03.185+0000] {dagbag.py:545} INFO - Filling up the DagBag from /opt/airflow/dags/medallion_dbt_dag.py
[2026-05-25T04:15:03.226+0000] {processor.py:840} INFO - DAG(s) 'medallion_dbt_pipeline' retrieved from /opt/airflow/dags/medallion_dbt_dag.py
[2026-05-25T04:15:03.275+0000] {logging_mixin.py:188} INFO - [2026-05-25T04:15:03.275+0000] {dag.py:3096} INFO - Sync 1 DAGs
[2026-05-25T04:15:03.328+0000] {logging_mixin.py:188} INFO - [2026-05-25T04:15:03.327+0000] {dag.py:3954} INFO - Setting next_dagrun for medallion_dbt_pipeline to 2026-05-25 00:00:00+00:00, run_after=2026-05-26 00:00:00+00:00
[2026-05-25T04:15:03.371+0000] {processor.py:183} INFO - Processing /opt/airflow/dags/medallion_dbt_dag.py took 0.200 seconds
[2026-05-25T04:15:33.573+0000] {processor.py:161} INFO - Started process (PID=3504) to work on /opt/airflow/dags/medallion_dbt_dag.py
[2026-05-25T04:15:33.574+0000] {processor.py:830} INFO - Processing file /opt/airflow/dags/medallion_dbt_dag.py for tasks to queue
[2026-05-25T04:15:33.577+0000] {logging_mixin.py:188} INFO - [2026-05-25T04:15:33.577+0000] {dagbag.py:545} INFO - Filling up the DagBag from /opt/airflow/dags/medallion_dbt_dag.py
[2026-05-25T04:15:33.616+0000] {processor.py:840} INFO - DAG(s) 'medallion_dbt_pipeline' retrieved from /opt/airflow/dags/medallion_dbt_dag.py
[2026-05-25T04:15:33.665+0000] {logging_mixin.py:188} INFO - [2026-05-25T04:15:33.664+0000] {dag.py:3096} INFO - Sync 1 DAGs
[2026-05-25T04:15:33.707+0000] {logging_mixin.py:188} INFO - [2026-05-25T04:15:33.707+0000] {dag.py:3954} INFO - Setting next_dagrun for medallion_dbt_pipeline to 2026-05-25 00:00:00+00:00, run_after=2026-05-26 00:00:00+00:00
[2026-05-25T04:15:33.743+0000] {processor.py:183} INFO - Processing /opt/airflow/dags/medallion_dbt_dag.py took 0.180 seconds
[2026-05-25T04:16:04.697+0000] {processor.py:161} INFO - Started process (PID=3509) to work on /opt/airflow/dags/medallion_dbt_dag.py
[2026-05-25T04:16:04.699+0000] {processor.py:830} INFO - Processing file /opt/airflow/dags/medallion_dbt_dag.py for tasks to queue
[2026-05-25T04:16:04.703+0000] {logging_mixin.py:188} INFO - [2026-05-25T04:16:04.702+0000] {dagbag.py:545} INFO - Filling up the DagBag from /opt/airflow/dags/medallion_dbt_dag.py
[2026-05-25T04:16:04.744+0000] {processor.py:840} INFO - DAG(s) 'medallion_dbt_pipeline' retrieved from /opt/airflow/dags/medallion_dbt_dag.py
[2026-05-25T04:16:04.795+0000] {logging_mixin.py:188} INFO - [2026-05-25T04:16:04.795+0000] {dag.py:3096} INFO - Sync 1 DAGs
[2026-05-25T04:16:04.841+0000] {logging_mixin.py:188} INFO - [2026-05-25T04:16:04.841+0000] {dag.py:3954} INFO - Setting next_dagrun for medallion_dbt_pipeline to 2026-05-25 00:00:00+00:00, run_after=2026-05-26 00:00:00+00:00
[2026-05-25T04:16:04.876+0000] {processor.py:183} INFO - Processing /opt/airflow/dags/medallion_dbt_dag.py took 0.189 seconds
[2026-05-25T04:16:35.668+0000] {processor.py:161} INFO - Started process (PID=3514) to work on /opt/airflow/dags/medallion_dbt_dag.py
[2026-05-25T04:16:35.671+0000] {processor.py:830} INFO - Processing file /opt/airflow/dags/medallion_dbt_dag.py for tasks to queue
[2026-05-25T04:16:35.675+0000] {logging_mixin.py:188} INFO - [2026-05-25T04:16:35.674+0000] {dagbag.py:545} INFO - Filling up the DagBag from /opt/airflow/dags/medallion_dbt_dag.py
[2026-05-25T04:16:35.721+0000] {processor.py:840} INFO - DAG(s) 'medallion_dbt_pipeline' retrieved from /opt/airflow/dags/medallion_dbt_dag.py
[2026-05-25T04:16:35.773+0000] {logging_mixin.py:188} INFO - [2026-05-25T04:16:35.772+0000] {dag.py:3096} INFO - Sync 1 DAGs
[2026-05-25T04:16:35.816+0000] {logging_mixin.py:188} INFO - [2026-05-25T04:16:35.815+0000] {dag.py:3954} INFO - Setting next_dagrun for medallion_dbt_pipeline to 2026-05-25 00:00:00+00:00, run_after=2026-05-26 00:00:00+00:00
[2026-05-25T04:16:35.857+0000] {processor.py:183} INFO - Processing /opt/airflow/dags/medallion_dbt_dag.py took 0.199 seconds
[2026-05-25T04:17:06.756+0000] {processor.py:161} INFO - Started process (PID=3519) to work on /opt/airflow/dags/medallion_dbt_dag.py
[2026-05-25T04:17:06.758+0000] {processor.py:830} INFO - Processing file /opt/airflow/dags/medallion_dbt_dag.py for tasks to queue
[2026-05-25T04:17:06.761+0000] {logging_mixin.py:188} INFO - [2026-05-25T04:17:06.760+0000] {dagbag.py:545} INFO - Filling up the DagBag from /opt/airflow/dags/medallion_dbt_dag.py
[2026-05-25T04:17:06.800+0000] {processor.py:840} INFO - DAG(s) 'medallion_dbt_pipeline' retrieved from /opt/airflow/dags/medallion_dbt_dag.py
[2026-05-25T04:17:06.866+0000] {logging_mixin.py:188} INFO - [2026-05-25T04:17:06.866+0000] {dag.py:3096} INFO - Sync 1 DAGs
[2026-05-25T04:17:06.915+0000] {logging_mixin.py:188} INFO - [2026-05-25T04:17:06.914+0000] {dag.py:3954} INFO - Setting next_dagrun for medallion_dbt_pipeline to 2026-05-25 00:00:00+00:00, run_after=2026-05-26 00:00:00+00:00
[2026-05-25T04:17:06.953+0000] {processor.py:183} INFO - Processing /opt/airflow/dags/medallion_dbt_dag.py took 0.206 seconds
[2026-05-25T04:17:37.100+0000] {processor.py:161} INFO - Started process (PID=3524) to work on /opt/airflow/dags/medallion_dbt_dag.py
[2026-05-25T04:17:37.102+0000] {processor.py:830} INFO - Processing file /opt/airflow/dags/medallion_dbt_dag.py for tasks to queue
[2026-05-25T04:17:37.106+0000] {logging_mixin.py:188} INFO - [2026-05-25T04:17:37.106+0000] {dagbag.py:545} INFO - Filling up the DagBag from /opt/airflow/dags/medallion_dbt_dag.py
[2026-05-25T04:17:37.148+0000] {processor.py:840} INFO - DAG(s) 'medallion_dbt_pipeline' retrieved from /opt/airflow/dags/medallion_dbt_dag.py
[2026-05-25T04:17:37.197+0000] {logging_mixin.py:188} INFO - [2026-05-25T04:17:37.197+0000] {dag.py:3096} INFO - Sync 1 DAGs
[2026-05-25T04:17:37.243+0000] {logging_mixin.py:188} INFO - [2026-05-25T04:17:37.242+0000] {dag.py:3954} INFO - Setting next_dagrun for medallion_dbt_pipeline to 2026-05-25 00:00:00+00:00, run_after=2026-05-26 00:00:00+00:00
[2026-05-25T04:17:37.283+0000] {processor.py:183} INFO - Processing /opt/airflow/dags/medallion_dbt_dag.py took 0.192 seconds
