[2026-05-24T08:35:00.379+0000] {local_task_job_runner.py:120} INFO - ::group::Pre task execution logs
[2026-05-24T08:35:00.440+0000] {taskinstance.py:2076} INFO - Dependencies all met for dep_context=non-requeueable deps ti=<TaskInstance: medallion_dbt_pipeline.dbt_run scheduled__2026-05-23T00:00:00+00:00 [queued]>
[2026-05-24T08:35:00.454+0000] {taskinstance.py:2076} INFO - Dependencies all met for dep_context=requeueable deps ti=<TaskInstance: medallion_dbt_pipeline.dbt_run scheduled__2026-05-23T00:00:00+00:00 [queued]>
[2026-05-24T08:35:00.456+0000] {taskinstance.py:2306} INFO - Starting attempt 1 of 2
[2026-05-24T08:35:00.480+0000] {taskinstance.py:2330} INFO - Executing <Task(BashOperator): dbt_run> on 2026-05-23 00:00:00+00:00
[2026-05-24T08:35:00.493+0000] {standard_task_runner.py:90} INFO - Running: ['airflow', 'tasks', 'run', '***_dbt_pipeline', 'dbt_run', 'scheduled__2026-05-23T00:00:00+00:00', '--job-id', '34', '--raw', '--subdir', 'DAGS_FOLDER/***_dbt_dag.py', '--cfg-path', '/tmp/tmpnwu_h6zi']
[2026-05-24T08:35:00.500+0000] {standard_task_runner.py:91} INFO - Job 34: Subtask dbt_run
[2026-05-24T08:35:00.504+0000] {logging_mixin.py:188} WARNING - /home/airflow/.local/lib/python3.12/site-packages/airflow/task/task_runner/standard_task_runner.py:61 DeprecationWarning: This process (pid=264) is multi-threaded, use of fork() may lead to deadlocks in the child.
[2026-05-24T08:35:00.505+0000] {standard_task_runner.py:63} INFO - Started process 268 to run task
[2026-05-24T08:35:00.610+0000] {task_command.py:426} INFO - Running <TaskInstance: medallion_dbt_pipeline.dbt_run scheduled__2026-05-23T00:00:00+00:00 [running]> on host 506412aae02e
[2026-05-24T08:35:00.802+0000] {taskinstance.py:2648} INFO - Exporting env vars: AIRFLOW_CTX_DAG_OWNER='***' AIRFLOW_CTX_DAG_ID='***_dbt_pipeline' AIRFLOW_CTX_TASK_ID='dbt_run' AIRFLOW_CTX_EXECUTION_DATE='2026-05-23T00:00:00+00:00' AIRFLOW_CTX_TRY_NUMBER='1' AIRFLOW_CTX_DAG_RUN_ID='scheduled__2026-05-23T00:00:00+00:00'
[2026-05-24T08:35:00.804+0000] {taskinstance.py:430} INFO - ::endgroup::
[2026-05-24T08:35:00.835+0000] {subprocess.py:63} INFO - Tmp dir root location: /tmp
[2026-05-24T08:35:00.837+0000] {subprocess.py:75} INFO - Running command: ['/usr/bin/bash', '-c', 'cd /opt/airflow/***_dbt && dbt run --profiles-dir /opt/airflow/***_dbt']
[2026-05-24T08:35:00.854+0000] {subprocess.py:86} INFO - Output:
[2026-05-24T08:35:06.855+0000] {subprocess.py:93} INFO - [0m08:35:06  Running with dbt=1.8.3
[2026-05-24T08:35:07.576+0000] {subprocess.py:93} INFO - [0m08:35:07  Registered adapter: postgres=1.8.2
[2026-05-24T08:35:09.406+0000] {subprocess.py:93} INFO - [0m08:35:09  Found 3 models, 10 data tests, 428 macros
[2026-05-24T08:35:09.420+0000] {subprocess.py:93} INFO - [0m08:35:09
[2026-05-24T08:35:09.831+0000] {subprocess.py:93} INFO - [0m08:35:09  Concurrency: 1 threads (target='dev')
[2026-05-24T08:35:09.834+0000] {subprocess.py:93} INFO - [0m08:35:09
[2026-05-24T08:35:09.860+0000] {subprocess.py:93} INFO - [0m08:35:09  1 of 3 START sql view model public.bronze_orders ............................... [RUN]
[2026-05-24T08:35:10.223+0000] {subprocess.py:93} INFO - [0m08:35:10  1 of 3 OK created sql view model public.bronze_orders .......................... [[32mCREATE VIEW[0m in 0.36s]
[2026-05-24T08:35:10.237+0000] {subprocess.py:93} INFO - [0m08:35:10  2 of 3 START sql view model public.silver_orders ............................... [RUN]
[2026-05-24T08:35:10.413+0000] {subprocess.py:93} INFO - [0m08:35:10  2 of 3 OK created sql view model public.silver_orders .......................... [[32mCREATE VIEW[0m in 0.17s]
[2026-05-24T08:35:10.426+0000] {subprocess.py:93} INFO - [0m08:35:10  3 of 3 START sql table model public.gold_orders_summary ........................ [RUN]
[2026-05-24T08:35:11.777+0000] {subprocess.py:93} INFO - [0m08:35:11  3 of 3 OK created sql table model public.gold_orders_summary ................... [[32mSELECT 98816[0m in 1.34s]
[2026-05-24T08:35:11.827+0000] {subprocess.py:93} INFO - [0m08:35:11
[2026-05-24T08:35:11.830+0000] {subprocess.py:93} INFO - [0m08:35:11  Finished running 2 view models, 1 table model in 0 hours 0 minutes and 2.40 seconds (2.40s).
[2026-05-24T08:35:11.967+0000] {subprocess.py:93} INFO - [0m08:35:11
[2026-05-24T08:35:11.970+0000] {subprocess.py:93} INFO - [0m08:35:11  [32mCompleted successfully[0m
[2026-05-24T08:35:11.973+0000] {subprocess.py:93} INFO - [0m08:35:11
[2026-05-24T08:35:11.975+0000] {subprocess.py:93} INFO - [0m08:35:11  Done. PASS=3 WARN=0 ERROR=0 SKIP=0 TOTAL=3
[2026-05-24T08:35:13.664+0000] {subprocess.py:97} INFO - Command exited with return code 0
[2026-05-24T08:35:13.666+0000] {taskinstance.py:441} INFO - ::group::Post task execution logs
[2026-05-24T08:35:13.728+0000] {taskinstance.py:1206} INFO - Marking task as SUCCESS. dag_id=***_dbt_pipeline, task_id=dbt_run, run_id=scheduled__2026-05-23T00:00:00+00:00, execution_date=20260523T000000, start_date=20260524T083500, end_date=20260524T083513
[2026-05-24T08:35:13.790+0000] {local_task_job_runner.py:240} INFO - Task exited with return code 0
[2026-05-24T08:35:13.831+0000] {taskinstance.py:3498} INFO - 1 downstream tasks scheduled from follow-on schedule check
[2026-05-24T08:35:13.834+0000] {local_task_job_runner.py:222} INFO - ::endgroup::
