[2026-05-19T09:09:54.942+0000] {local_task_job_runner.py:120} INFO - ::group::Pre task execution logs
[2026-05-19T09:09:55.042+0000] {taskinstance.py:2076} INFO - Dependencies all met for dep_context=non-requeueable deps ti=<TaskInstance: medallion_dbt_pipeline.dbt_run manual__2026-05-19T09:09:53.589006+00:00 [queued]>
[2026-05-19T09:09:55.067+0000] {taskinstance.py:2076} INFO - Dependencies all met for dep_context=requeueable deps ti=<TaskInstance: medallion_dbt_pipeline.dbt_run manual__2026-05-19T09:09:53.589006+00:00 [queued]>
[2026-05-19T09:09:55.069+0000] {taskinstance.py:2306} INFO - Starting attempt 1 of 2
[2026-05-19T09:09:55.115+0000] {taskinstance.py:2330} INFO - Executing <Task(BashOperator): dbt_run> on 2026-05-19 09:09:53.589006+00:00
[2026-05-19T09:09:55.135+0000] {standard_task_runner.py:90} INFO - Running: ['airflow', 'tasks', 'run', '***_dbt_pipeline', 'dbt_run', 'manual__2026-05-19T09:09:53.589006+00:00', '--job-id', '8', '--raw', '--subdir', 'DAGS_FOLDER/***_dbt_dag.py', '--cfg-path', '/tmp/tmp2prf57fz']
[2026-05-19T09:09:55.145+0000] {standard_task_runner.py:91} INFO - Job 8: Subtask dbt_run
[2026-05-19T09:09:55.144+0000] {logging_mixin.py:188} WARNING - /home/airflow/.local/lib/python3.12/site-packages/airflow/task/task_runner/standard_task_runner.py:61 DeprecationWarning: This process (pid=605) is multi-threaded, use of fork() may lead to deadlocks in the child.
[2026-05-19T09:09:55.146+0000] {standard_task_runner.py:63} INFO - Started process 606 to run task
[2026-05-19T09:09:55.289+0000] {task_command.py:426} INFO - Running <TaskInstance: medallion_dbt_pipeline.dbt_run manual__2026-05-19T09:09:53.589006+00:00 [running]> on host 449b228c4f9a
[2026-05-19T09:09:55.500+0000] {taskinstance.py:2648} INFO - Exporting env vars: AIRFLOW_CTX_DAG_OWNER='***' AIRFLOW_CTX_DAG_ID='***_dbt_pipeline' AIRFLOW_CTX_TASK_ID='dbt_run' AIRFLOW_CTX_EXECUTION_DATE='2026-05-19T09:09:53.589006+00:00' AIRFLOW_CTX_TRY_NUMBER='1' AIRFLOW_CTX_DAG_RUN_ID='manual__2026-05-19T09:09:53.589006+00:00'
[2026-05-19T09:09:55.501+0000] {taskinstance.py:430} INFO - ::endgroup::
[2026-05-19T09:09:55.540+0000] {subprocess.py:63} INFO - Tmp dir root location: /tmp
[2026-05-19T09:09:55.543+0000] {subprocess.py:75} INFO - Running command: ['/usr/bin/bash', '-c', 'cd /opt/airflow/***_dbt && dbt run --profiles-dir /opt/airflow/***_dbt']
[2026-05-19T09:09:55.566+0000] {subprocess.py:86} INFO - Output:
[2026-05-19T09:09:55.573+0000] {subprocess.py:93} INFO - /usr/bin/bash: line 1: cd: /opt/airflow/***_dbt: No such file or directory
[2026-05-19T09:09:55.574+0000] {subprocess.py:97} INFO - Command exited with return code 1
[2026-05-19T09:09:55.576+0000] {taskinstance.py:441} INFO - ::group::Post task execution logs
[2026-05-19T09:09:55.601+0000] {taskinstance.py:2905} ERROR - Task failed with exception
Traceback (most recent call last):
  File "/home/airflow/.local/lib/python3.12/site-packages/airflow/models/taskinstance.py", line 465, in _execute_task
    result = _execute_callable(context=context, **execute_callable_kwargs)
             ^^^^^^^^^^^^^^^^^^^^^^^^^^^^^^^^^^^^^^^^^^^^^^^^^^^^^^^^^^^^^
  File "/home/airflow/.local/lib/python3.12/site-packages/airflow/models/taskinstance.py", line 432, in _execute_callable
    return execute_callable(context=context, **execute_callable_kwargs)
           ^^^^^^^^^^^^^^^^^^^^^^^^^^^^^^^^^^^^^^^^^^^^^^^^^^^^^^^^^^^^
  File "/home/airflow/.local/lib/python3.12/site-packages/airflow/models/baseoperator.py", line 400, in wrapper
    return func(self, *args, **kwargs)
           ^^^^^^^^^^^^^^^^^^^^^^^^^^^
  File "/home/airflow/.local/lib/python3.12/site-packages/airflow/operators/bash.py", line 243, in execute
    raise AirflowException(
airflow.exceptions.AirflowException: Bash command failed. The command returned a non-zero exit code 1.
[2026-05-19T09:09:55.611+0000] {taskinstance.py:1206} INFO - Marking task as UP_FOR_RETRY. dag_id=***_dbt_pipeline, task_id=dbt_run, run_id=manual__2026-05-19T09:09:53.589006+00:00, execution_date=20260519T090953, start_date=20260519T090955, end_date=20260519T090955
[2026-05-19T09:09:55.636+0000] {standard_task_runner.py:110} ERROR - Failed to execute job 8 for task dbt_run (Bash command failed. The command returned a non-zero exit code 1.; 606)
[2026-05-19T09:09:55.659+0000] {local_task_job_runner.py:240} INFO - Task exited with return code 1
[2026-05-19T09:09:55.703+0000] {taskinstance.py:3498} INFO - 0 downstream tasks scheduled from follow-on schedule check
[2026-05-19T09:09:55.707+0000] {local_task_job_runner.py:222} INFO - ::endgroup::
