[2026-05-22T16:29:03.712+0000] {local_task_job_runner.py:120} INFO - ::group::Pre task execution logs
[2026-05-22T16:29:03.781+0000] {taskinstance.py:2076} INFO - Dependencies all met for dep_context=non-requeueable deps ti=<TaskInstance: medallion_dbt_pipeline.dbt_run manual__2026-05-19T09:09:53.589006+00:00 [queued]>
[2026-05-22T16:29:03.800+0000] {taskinstance.py:2076} INFO - Dependencies all met for dep_context=requeueable deps ti=<TaskInstance: medallion_dbt_pipeline.dbt_run manual__2026-05-19T09:09:53.589006+00:00 [queued]>
[2026-05-22T16:29:03.801+0000] {taskinstance.py:2306} INFO - Starting attempt 3 of 4
[2026-05-22T16:29:03.829+0000] {taskinstance.py:2330} INFO - Executing <Task(BashOperator): dbt_run> on 2026-05-19 09:09:53.589006+00:00
[2026-05-22T16:29:03.842+0000] {standard_task_runner.py:90} INFO - Running: ['airflow', 'tasks', 'run', '***_dbt_pipeline', 'dbt_run', 'manual__2026-05-19T09:09:53.589006+00:00', '--job-id', '28', '--raw', '--subdir', 'DAGS_FOLDER/***_dbt_dag.py', '--cfg-path', '/tmp/tmp8reinpsu']
[2026-05-22T16:29:03.846+0000] {standard_task_runner.py:91} INFO - Job 28: Subtask dbt_run
[2026-05-22T16:29:03.851+0000] {logging_mixin.py:188} WARNING - /home/airflow/.local/lib/python3.12/site-packages/airflow/task/task_runner/standard_task_runner.py:61 DeprecationWarning: This process (pid=2190) is multi-threaded, use of fork() may lead to deadlocks in the child.
[2026-05-22T16:29:03.853+0000] {standard_task_runner.py:63} INFO - Started process 2191 to run task
[2026-05-22T16:29:03.939+0000] {task_command.py:426} INFO - Running <TaskInstance: medallion_dbt_pipeline.dbt_run manual__2026-05-19T09:09:53.589006+00:00 [running]> on host 506412aae02e
[2026-05-22T16:29:04.120+0000] {taskinstance.py:2648} INFO - Exporting env vars: AIRFLOW_CTX_DAG_OWNER='***' AIRFLOW_CTX_DAG_ID='***_dbt_pipeline' AIRFLOW_CTX_TASK_ID='dbt_run' AIRFLOW_CTX_EXECUTION_DATE='2026-05-19T09:09:53.589006+00:00' AIRFLOW_CTX_TRY_NUMBER='3' AIRFLOW_CTX_DAG_RUN_ID='manual__2026-05-19T09:09:53.589006+00:00'
[2026-05-22T16:29:04.122+0000] {taskinstance.py:430} INFO - ::endgroup::
[2026-05-22T16:29:04.154+0000] {subprocess.py:63} INFO - Tmp dir root location: /tmp
[2026-05-22T16:29:04.157+0000] {subprocess.py:75} INFO - Running command: ['/usr/bin/bash', '-c', 'cd /opt/airflow/***_dbt && dbt run --profiles-dir /opt/airflow/***_dbt']
[2026-05-22T16:29:04.175+0000] {subprocess.py:86} INFO - Output:
[2026-05-22T16:29:09.347+0000] {subprocess.py:93} INFO - [0m16:29:09  Running with dbt=1.8.3
[2026-05-22T16:29:10.008+0000] {subprocess.py:93} INFO - [0m16:29:10  Registered adapter: postgres=1.8.2
[2026-05-22T16:29:11.512+0000] {subprocess.py:93} INFO - [0m16:29:11  Found 3 models, 10 data tests, 428 macros
[2026-05-22T16:29:11.521+0000] {subprocess.py:93} INFO - [0m16:29:11
[2026-05-22T16:29:11.905+0000] {subprocess.py:93} INFO - [0m16:29:11  Concurrency: 1 threads (target='dev')
[2026-05-22T16:29:11.907+0000] {subprocess.py:93} INFO - [0m16:29:11
[2026-05-22T16:29:11.931+0000] {subprocess.py:93} INFO - [0m16:29:11  1 of 3 START sql view model public.bronze_orders ............................... [RUN]
[2026-05-22T16:29:12.300+0000] {subprocess.py:93} INFO - [0m16:29:12  1 of 3 OK created sql view model public.bronze_orders .......................... [[32mCREATE VIEW[0m in 0.36s]
[2026-05-22T16:29:12.312+0000] {subprocess.py:93} INFO - [0m16:29:12  2 of 3 START sql view model public.silver_orders ............................... [RUN]
[2026-05-22T16:29:12.493+0000] {subprocess.py:93} INFO - [0m16:29:12  2 of 3 OK created sql view model public.silver_orders .......................... [[32mCREATE VIEW[0m in 0.17s]
[2026-05-22T16:29:12.504+0000] {subprocess.py:93} INFO - [0m16:29:12  3 of 3 START sql table model public.gold_orders_summary ........................ [RUN]
[2026-05-22T16:29:14.064+0000] {subprocess.py:93} INFO - [0m16:29:14  3 of 3 OK created sql table model public.gold_orders_summary ................... [[32mSELECT 98816[0m in 1.55s]
[2026-05-22T16:29:14.111+0000] {subprocess.py:93} INFO - [0m16:29:14
[2026-05-22T16:29:14.113+0000] {subprocess.py:93} INFO - [0m16:29:14  Finished running 2 view models, 1 table model in 0 hours 0 minutes and 2.58 seconds (2.58s).
[2026-05-22T16:29:14.242+0000] {subprocess.py:93} INFO - [0m16:29:14
[2026-05-22T16:29:14.245+0000] {subprocess.py:93} INFO - [0m16:29:14  [32mCompleted successfully[0m
[2026-05-22T16:29:14.248+0000] {subprocess.py:93} INFO - [0m16:29:14
[2026-05-22T16:29:14.251+0000] {subprocess.py:93} INFO - [0m16:29:14  Done. PASS=3 WARN=0 ERROR=0 SKIP=0 TOTAL=3
[2026-05-22T16:29:16.031+0000] {subprocess.py:97} INFO - Command exited with return code 0
[2026-05-22T16:29:16.033+0000] {taskinstance.py:441} INFO - ::group::Post task execution logs
[2026-05-22T16:29:16.084+0000] {taskinstance.py:1206} INFO - Marking task as SUCCESS. dag_id=***_dbt_pipeline, task_id=dbt_run, run_id=manual__2026-05-19T09:09:53.589006+00:00, execution_date=20260519T090953, start_date=20260522T162903, end_date=20260522T162916
[2026-05-22T16:29:16.134+0000] {local_task_job_runner.py:240} INFO - Task exited with return code 0
[2026-05-22T16:29:16.173+0000] {taskinstance.py:3498} INFO - 1 downstream tasks scheduled from follow-on schedule check
[2026-05-22T16:29:16.177+0000] {local_task_job_runner.py:222} INFO - ::endgroup::
